#
# A fatal error has been detected by the Java Runtime Environment:
#
#  EXCEPTION_ACCESS_VIOLATION (0xc0000005) at pc=0x00007ffb79bea5d7, pid=32376, tid=6456
#
# JRE version: OpenJDK Runtime Environment Temurin-25.0.1+8 (25.0.1+8) (build 25.0.1+8-LTS)
# Java VM: OpenJDK 64-Bit Server VM Temurin-25.0.1+8 (25.0.1+8-LTS, mixed mode, sharing, tiered, compressed oops, compressed class ptrs, g1 gc, windows-amd64)
# Problematic frame:
# C  [glass.dll+0x2a5d7]
#
# No core dump will be written. Minidumps are not enabled by default on client versions of Windows
#
# If you would like to submit a bug report, please visit:
#   https://github.com/adoptium/adoptium-support/issues
#

---------------  S U M M A R Y ------------

Command Line: --module-path=C:\openjfx-25.0.1_windows-x64_bin-sdk\javafx-sdk-25.0.1\lib --add-modules=javafx.controls,javafx.fxml --enable-native-access=javafx.graphics -javaagent:C:\Program Files\JetBrains\IntelliJ IDEA Community Edition 2025.2.5\lib\idea_rt.jar=1195 -Dfile.encoding=UTF-8 -Dsun.stdout.encoding=UTF-8 -Dsun.stderr.encoding=UTF-8 com.shopjoy.ShopJoyApp

Host: Intel(R) Core(TM) i7-10510U CPU @ 1.80GHz, 8 cores, 31G,  Windows 11 , 64 bit Build 26100 (10.0.26100.7309)
Time: Sat Jan 10 13:15:26 2026 Greenwich Standard Time elapsed time: 109.278562 seconds (0d 0h 1m 49s)

---------------  T H R E A D  ---------------

Current thread (0x0000024d77517490):  VMThread "VM Thread"          [id=6456, stack(0x0000008348800000,0x0000008348900000) (1024K)]

Stack: [0x0000008348800000,0x0000008348900000],  sp=0x00000083488ff240,  free space=1020k
Native frames: (J=compiled Java code, j=interpreted, Vv=VM code, C=native code)
C  [glass.dll+0x2a5d7]  (no source info available)
C  [ucrtbase.dll+0x4bc75]  (no source info available)
C  [ucrtbase.dll+0x4b897]  (no source info available)
C  [ucrtbase.dll+0x4b84d]  (no source info available)
C  [glass.dll+0x27b65]  (no source info available)
C  [glass.dll+0x27c81]  (no source info available)
C  [ntdll.dll+0x15f86e]  (no source info available)
C  [ntdll.dll+0xbcae]  (no source info available)
C  [ntdll.dll+0x8d4af]  (no source info available)
C  [ntdll.dll+0x8c67e]  (no source info available)
C  [KERNEL32.DLL+0x418ab]  (no source info available)
C  [ucrtbase.dll+0xa0093]  (no source info available)
V  [jvm.dll+0x7a035a]  (no source info available)
V  [jvm.dll+0x7a0821]  (no source info available)
V  [jvm.dll+0x7a0340]  (no source info available)
V  [jvm.dll+0x47aee4]  (no source info available)
V  [jvm.dll+0x9fe6d2]  (no source info available)
V  [jvm.dll+0x9ff9f1]  (no source info available)
V  [jvm.dll+0x9fff68]  (no source info available)
V  [jvm.dll+0xa00203]  (no source info available)
V  [jvm.dll+0x99630d]  (no source info available)
V  [jvm.dll+0x7a6955]  (no source info available)
C  [ucrtbase.dll+0x37b0]  (no source info available)
C  [KERNEL32.DLL+0x2e8d7]  (no source info available)
C  [ntdll.dll+0x8c53c]  (no source info available)


siginfo: EXCEPTION_ACCESS_VIOLATION (0xc0000005), reading address 0x0000000000000000


Registers:
RAX=0x0000000000000000, RBX=0x0000024d77523cb2, RCX=0x0000024d77517490, RDX=0x00000083488ff240
RSP=0x00000083488ff240, RBP=0x000014f2f6acc1a7, RSI=0x0000024d7ebc2820, RDI=0x0000024d7ebc2800
R8 =0x0000000000010002, R9 =0x00007ffb380f95b0, R10=0x0000024d53030000, R11=0x0000024d7fb023b0
R12=0x0000000000000001, R13=0x00007ffb79be7cc8, R14=0x00000083488ff348, R15=0x0000024d7ebc2800
RIP=0x00007ffb79bea5d7, EFLAGS=0x0000000000010202

XMM[0]=0x0000000000000000 0x0000000000000000
XMM[1]=0x0000000000000000 0x00000083488fdea0
XMM[2]=0x0000000000000000 0x0000000000000000
XMM[3]=0x0000000000000000 0x0000000000000000
XMM[4]=0x0000000000000000 0x0000000000000000
XMM[5]=0x0000000000000000 0x0000000000000000
XMM[6]=0x0000000000000000 0x0000000000000000
XMM[7]=0x0000000000000000 0x404e000000000000
XMM[8]=0x0000000000000000 0x0000000000000000
XMM[9]=0x0000000000000000 0x0000000000000000
XMM[10]=0x0000000000000000 0x0000000000000000
XMM[11]=0x0000000000000000 0x0000000000000000
XMM[12]=0x0000000000000000 0x0000000000000000
XMM[13]=0x0000000000000000 0x0000000000000000
XMM[14]=0x0000000000000000 0x0000000000000000
XMM[15]=0x0000000000000000 0x0000000000000000
  MXCSR=0x00001fa0


Register to memory mapping:

RAX=0x0 is null
RBX=0x0000024d77523cb2 is a global jni handle
RCX=0x0000024d77517490 points into unknown readable memory: 0x00007ffb3882e5b8 | b8 e5 82 38 fb 7f 00 00
RDX=0x00000083488ff240 points into unknown readable memory: 0x0000000000000000 | 00 00 00 00 00 00 00 00
RSP=0x00000083488ff240 points into unknown readable memory: 0x0000000000000000 | 00 00 00 00 00 00 00 00
RBP=0x000014f2f6acc1a7 is an unknown value
RSI=0x0000024d7ebc2820 points into unknown readable memory: 0x000014f2f6acc1a7 | a7 c1 ac f6 f2 14 00 00
RDI=0x0000024d7ebc2800 points into unknown readable memory: 0x000014f2f6acc1a7 | a7 c1 ac f6 f2 14 00 00
R8 =0x0000000000010002 is an unknown value
R9 =0x00007ffb380f95b0 jvm.dll
R10=0x0000024d53030000 points into unknown readable memory: 0x0000000000000000 | 00 00 00 00 00 00 00 00
R11=0x0000024d7fb023b0 points into unknown readable memory: 0x0000024d7f719c30 | 30 9c 71 7f 4d 02 00 00
R12=0x0000000000000001 is an unknown value
R13=0x00007ffb79be7cc8 glass.dll
R14=0x00000083488ff348 points into unknown readable memory: 0x00000083488ff330 | 30 f3 8f 48 83 00 00 00
R15=0x0000024d7ebc2800 points into unknown readable memory: 0x000014f2f6acc1a7 | a7 c1 ac f6 f2 14 00 00

Top of Stack: (sp=0x00000083488ff240)
0x00000083488ff240:   0000000000000000 0000024d00000000   ............M...
0x00000083488ff250:   0000024d7ebb2090 0000000000000001   . .~M...........
0x00000083488ff260:   0000024d7ebc2800 00007ffbb44fbc75   .(.~M...u.O.....
0x00000083488ff270:   0000024d7ebc2800 0000024d00000000   .(.~M.......M...
0x00000083488ff280:   0000024d7ebc2818 000014f2f6acc1a7   .(.~M...........
0x00000083488ff290:   fffffffffffffffe 00000083488ff318   ...........H....
0x00000083488ff2a0:   00007ffb79bc0000 00007ffb79bc0000   ...y.......y....
0x00000083488ff2b0:   00000083488ff338 00007ffbb44fb897   8..H......O.....
0x00000083488ff2c0:   00000083488ff300 00000083488ff348   ...H....H..H....
0x00000083488ff2d0:   00000083488ff630 00007ffbb45e88c0   0..H......^.....
0x00000083488ff2e0:   0000000000000001 00007ffbb44fb84d   ........M.O.....
0x00000083488ff2f0:   0000000000000000 0000000000000001   ................
0x00000083488ff300:   00007ffb87a7dfc0 00000083488ff338   ........8..H....
0x00000083488ff310:   fffffffffffffffe 00000083488ff300   ...........H....
0x00000083488ff320:   0000000000000000 00007ffb79be7b65   ........e{.y....
0x00000083488ff330:   00007ffb79c00e90 0000000000000002   ...y............
0x00000083488ff340:   00007ffb00000002 00000083488ff330   ........0..H....
0x00000083488ff350:   00007ffba6d10000 00007ffbb6bb24b0   .........$......
0x00000083488ff360:   0000000000000000 00007ffb79be7c81   .........|.y....
0x00000083488ff370:   0000000000000001 000000007ffe0385   ................
0x00000083488ff380:   0000000000000001 00007ffbb69ea6af   ................
0x00000083488ff390:   0000024d7ead70b0 00007ffbb69ebf5e   .p.~M...^.......
0x00000083488ff3a0:   0000000000000001 0000000000000000   ................
0x00000083488ff3b0:   0000000000000000 000000007ffe0384   ................
0x00000083488ff3c0:   0000024d7ead6bd0 00007ffbb6b3f86e   .k.~M...n.......
0x00000083488ff3d0:   00007ffb79bc0000 0000024d00000000   ...y........M...
0x00000083488ff3e0:   0000000000000001 000000007ffe0385   ................
0x00000083488ff3f0:   00007ffb79beb588 00007ffbb69ebcae   ...y............
0x00000083488ff400:   0000000000000000 0000000000000000   ................
0x00000083488ff410:   0000000000000000 0000000000000000   ................
0x00000083488ff420:   0000000000000000 0000000000000000   ................
0x00000083488ff430:   0000000000000000 0000000000000000   ................

Instructions: (pc=0x00007ffb79bea5d7)
  0x00007ffb79bea4d7:   8b 4d 58 e8 cd ce ff ff 48 8b 4d 60 e8 c4 ce ff
  0x00007ffb79bea4e7:   ff 48 8b 95 80 00 00 00 48 8b 8d 18 01 00 00 e8
  0x00007ffb79bea4f7:   76 c4 ff ff 33 d2 33 c9 e8 7c e0 ff ff 90 48 89
  0x00007ffb79bea507:   54 24 10 55 48 83 ec 20 48 8b ea 48 b8 00 00 00
  0x00007ffb79bea517:   00 00 00 00 00 48 83 c4 20 5d c3 cc 40 55 48 8b
  0x00007ffb79bea527:   ea 48 8b 01 33 c9 81 38 05 00 00 c0 0f 94 c1 8b
  0x00007ffb79bea537:   c1 5d c3 cc 40 55 48 83 ec 20 48 8b ea 8a 4d 40
  0x00007ffb79bea547:   48 83 c4 20 5d e9 a3 d2 ff ff cc 40 55 48 83 ec
  0x00007ffb79bea557:   20 48 8b ea 8a 4d 20 e8 91 d2 ff ff 90 48 83 c4
  0x00007ffb79bea567:   20 5d c3 cc 40 55 48 83 ec 20 48 8b ea 48 83 c4
  0x00007ffb79bea577:   20 5d e9 02 d1 ff ff cc 40 55 48 83 ec 30 48 8b
  0x00007ffb79bea587:   ea 48 8b 01 8b 10 48 89 4c 24 28 89 54 24 20 4c
  0x00007ffb79bea597:   8d 0d 1b d4 ff ff 4c 8b 45 70 8b 55 68 48 8b 4d
  0x00007ffb79bea5a7:   60 e8 43 d0 ff ff 90 48 83 c4 30 5d c3 cc cc cc
  0x00007ffb79bea5b7:   cc cc cc cc cc cc cc cc cc 40 53 48 83 ec 20 48
  0x00007ffb79bea5c7:   8b 1d 6b 63 01 00 48 85 db 74 19 e8 a9 89 ff ff
=>0x00007ffb79bea5d7:   48 8b 08 4c 8b 81 b0 00 00 00 48 8b d3 48 8b c8
  0x00007ffb79bea5e7:   41 ff d0 90 48 83 c4 20 5b c3 cc cc cc cc cc cc
  0x00007ffb79bea5f7:   cc cc cc cc cc cc cc cc cc 40 53 48 83 ec 20 48
  0x00007ffb79bea607:   8b 1d 9b 64 01 00 48 85 db 74 57 b8 ff ff ff ff
  0x00007ffb79bea617:   f0 0f c1 43 10 83 f8 01 75 3d 48 85 db 74 38 48
  0x00007ffb79bea627:   8b 0b 48 85 c9 74 0d ff 15 64 0c 00 00 48 c7 03
  0x00007ffb79bea637:   00 00 00 00 48 8b 4b 08 48 85 c9 74 0d e8 63 cd
  0x00007ffb79bea647:   ff ff 48 c7 43 08 00 00 00 00 ba 18 00 00 00 48
  0x00007ffb79bea657:   8b cb e8 4e cd ff ff 48 c7 05 3f 64 01 00 00 00
  0x00007ffb79bea667:   00 00 48 83 c4 20 5b c3 cc 40 53 48 83 ec 20 48
  0x00007ffb79bea677:   8b 1d 0b 64 01 00 48 85 db 74 57 b8 ff ff ff ff
  0x00007ffb79bea687:   f0 0f c1 43 10 83 f8 01 75 3d 48 85 db 74 38 48
  0x00007ffb79bea697:   8b 0b 48 85 c9 74 0d ff 15 f4 0b 00 00 48 c7 03
  0x00007ffb79bea6a7:   00 00 00 00 48 8b 4b 08 48 85 c9 74 0d e8 f3 cc
  0x00007ffb79bea6b7:   ff ff 48 c7 43 08 00 00 00 00 ba 18 00 00 00 48
  0x00007ffb79bea6c7:   8b cb e8 de cc ff ff 48 c7 05 af 63 01 00 00 00


Stack slot to memory mapping:

stack at sp + 0 slots: 0x0 is null
stack at sp + 1 slots: 0x0000024d00000000 api-ms-win-core-console-l1-1-0.dll
stack at sp + 2 slots: 0x0000024d7ebb2090 points into unknown readable memory: 0x0000024d7ebb2300 | 00 23 bb 7e 4d 02 00 00
stack at sp + 3 slots: 0x0000000000000001 is an unknown value
stack at sp + 4 slots: 0x0000024d7ebc2800 points into unknown readable memory: 0x000014f2f6acc1a7 | a7 c1 ac f6 f2 14 00 00
stack at sp + 5 slots: 0x00007ffbb44fbc75 ucrtbase.dll
stack at sp + 6 slots: 0x0000024d7ebc2800 points into unknown readable memory: 0x000014f2f6acc1a7 | a7 c1 ac f6 f2 14 00 00
stack at sp + 7 slots: 0x0000024d00000000 api-ms-win-core-console-l1-1-0.dll

VM_Operation (0x0000008347eff550): Exit, mode: safepoint, requested by thread 0x0000024d0735d980


---------------  P R O C E S S  ---------------

Threads class SMR info:
_java_thread_list=0x0000024d07d68a40, length=20, elements={
0x0000024d531e6540, 0x0000024d7752ad00, 0x0000024d7752c2d0, 0x0000024d77532000,
0x0000024d77532bc0, 0x0000024d77534e60, 0x0000024d77537a30, 0x0000024d77542140,
0x0000024d7754bdb0, 0x0000024d7e0ce4f0, 0x0000024d7e7435c0, 0x0000024d7e7470e0,
0x0000024d7ecbb570, 0x0000024d7e625080, 0x0000024d7eca0ea0, 0x0000024d7edb9550,
0x0000024d7f492500, 0x0000024d7f268160, 0x0000024d7f972c60, 0x0000024d0735d980
}

Java Threads: ( => current thread )
  0x0000024d531e6540 JavaThread "main"                              [_thread_blocked, id=32020, stack(0x0000008348100000,0x0000008348200000) (1024K)]
  0x0000024d7752ad00 JavaThread "Reference Handler"          daemon [_thread_blocked, id=33080, stack(0x0000008348900000,0x0000008348a00000) (1024K)]
  0x0000024d7752c2d0 JavaThread "Finalizer"                  daemon [_thread_blocked, id=33748, stack(0x0000008348a00000,0x0000008348b00000) (1024K)]
  0x0000024d77532000 JavaThread "Signal Dispatcher"          daemon [_thread_blocked, id=25016, stack(0x0000008348b00000,0x0000008348c00000) (1024K)]
  0x0000024d77532bc0 JavaThread "Attach Listener"            daemon [_thread_blocked, id=33596, stack(0x0000008348c00000,0x0000008348d00000) (1024K)]
  0x0000024d77534e60 JavaThread "Service Thread"             daemon [_thread_blocked, id=23004, stack(0x0000008348d00000,0x0000008348e00000) (1024K)]
  0x0000024d77537a30 JavaThread "Monitor Deflation Thread"   daemon [_thread_blocked, id=34984, stack(0x0000008348e00000,0x0000008348f00000) (1024K)]
  0x0000024d77542140 JavaThread "C2 CompilerThread0"         daemon [_thread_blocked, id=34796, stack(0x0000008348f00000,0x0000008349000000) (1024K)]
  0x0000024d7754bdb0 JavaThread "C1 CompilerThread0"         daemon [_thread_blocked, id=24192, stack(0x0000008349000000,0x0000008349100000) (1024K)]
  0x0000024d7e0ce4f0 JavaThread "Common-Cleaner"             daemon [_thread_blocked, id=14296, stack(0x0000008349100000,0x0000008349200000) (1024K)]
  0x0000024d7e7435c0 JavaThread "Monitor Ctrl-Break"         daemon [_thread_in_native, id=10524, stack(0x0000008349400000,0x0000008349500000) (1024K)]
  0x0000024d7e7470e0 JavaThread "Notification Thread"        daemon [_thread_blocked, id=20504, stack(0x0000008349500000,0x0000008349600000) (1024K)]
  0x0000024d7ecbb570 JavaThread "QuantumRenderer-0"          daemon [_thread_blocked, id=19700, stack(0x0000008349200000,0x0000008349300000) (1024K)]
  0x0000024d7e625080 JavaThread "InvokeLaterDispatcher"      daemon [_thread_blocked, id=3828, stack(0x0000008349300000,0x0000008349400000) (1024K)]
  0x0000024d7eca0ea0 JavaThread "JavaFX Application Thread"         [_thread_in_native, id=30124, stack(0x0000008349600000,0x0000008349700000) (1024K)]
  0x0000024d7edb9550 JavaThread "JavaFX-Launcher"                   [_thread_blocked, id=11280, stack(0x000000834a000000,0x000000834a100000) (1024K)]
  0x0000024d7f492500 JavaThread "Thread-2"                   daemon [_thread_in_native, id=23288, stack(0x0000008349f00000,0x000000834a000000) (1024K)]
  0x0000024d7f268160 JavaThread "Prism Font Disposer"        daemon [_thread_blocked, id=19228, stack(0x000000834a900000,0x000000834aa00000) (1024K)]
  0x0000024d7f972c60 JavaThread "Cleaner-0"                  daemon [_thread_blocked, id=34336, stack(0x000000834a800000,0x000000834a900000) (1024K)]
  0x0000024d0735d980 JavaThread "SIGINT handler"             daemon [_thread_blocked, id=33092, stack(0x0000008347e00000,0x0000008347f00000) (1024K)]
Total: 20

Other Threads:
=>0x0000024d77517490 VMThread "VM Thread"                           [id=6456, stack(0x0000008348800000,0x0000008348900000) (1024K)]
  0x0000024d773bfa10 WorkerThread "GC Thread#0"                     [id=21144, stack(0x0000008348200000,0x0000008348300000) (1024K)]
  0x0000024d7f36ad60 WorkerThread "GC Thread#1"                     [id=27560, stack(0x000000834a100000,0x000000834a200000) (1024K)]
  0x0000024d7f1076e0 WorkerThread "GC Thread#2"                     [id=12412, stack(0x000000834a200000,0x000000834a300000) (1024K)]
  0x0000024d7f105220 WorkerThread "GC Thread#3"                     [id=13624, stack(0x000000834a300000,0x000000834a400000) (1024K)]
  0x0000024d7f244420 WorkerThread "GC Thread#4"                     [id=32432, stack(0x000000834a400000,0x000000834a500000) (1024K)]
  0x0000024d7f245060 WorkerThread "GC Thread#5"                     [id=30640, stack(0x000000834a500000,0x000000834a600000) (1024K)]
  0x0000024d7f2494a0 WorkerThread "GC Thread#6"                     [id=28284, stack(0x000000834a600000,0x000000834a700000) (1024K)]
  0x0000024d7f2498d0 WorkerThread "GC Thread#7"                     [id=17548, stack(0x000000834a700000,0x000000834a800000) (1024K)]
  0x0000024d773c0aa0 ConcurrentGCThread "G1 Main Marker"            terminated
  0x0000024d55522da0 WorkerThread "G1 Conc#0"                       [id=28120, stack(0x0000008348400000,0x0000008348500000) (1024K)]
  0x0000024d7f25e120 WorkerThread "G1 Conc#1"                       [id=29628, stack(0x000000834ae00000,0x000000834af00000) (1024K)]
  0x0000024d5555e530 ConcurrentGCThread "G1 Refine#0"               terminated
  0x0000024d773d82d0 ConcurrentGCThread "G1 Service"                terminated
Total: 14

Threads with active compile tasks:
Total: 0

VM state: at safepoint (shutting down)

VM Mutex/Monitor currently owned by a thread:  ([mutex/lock_event])
[0x00007ffb38a36068] ThreadsLockThrottle_lock - owner thread: 0x0000024d77532000
[0x00007ffb38a36368] Threads_lock - owner thread: 0x0000024d77517490
[0x00007ffb38a364e8] Heap_lock - owner thread: 0x0000024d0735d980

Heap address: 0x0000000603400000, size: 8140 MB, Compressed Oops mode: Zero based, Oop shift amount: 3

CDS archive(s) mapped at: [0x0000000098000000-0x0000000098dd0000-0x0000000098dd0000), size 14483456, SharedBaseAddress: 0x0000000098000000, ArchiveRelocationMode: 1.
Compressed class space mapped at: 0x0000000099000000-0x00000000d9000000, reserved size: 1073741824
UseCompressedClassPointers 1, UseCompactObjectHeaders 0
Narrow klass pointer bits 32, Max shift 3
Narrow klass base: 0x0000000098000000, Narrow klass shift: 0
Encoding Range: [0x0000000098000000 - 0x0000000198000000), (4294967296 bytes)
Klass Range:    [0x0000000098010000 - 0x00000000d9000000), (1090453504 bytes)
Klass ID Range:  [65536 - 1090519033) (1090453497)
Protection zone: [0x0000000098000000 - 0x0000000098010000), (65536 bytes)

GC Precious Log:
 CardTable entry size: 512
 Card Set container configuration: InlinePtr #cards 4 size 8 Array Of Cards #cards 32 size 80 Howl #buckets 8 coarsen threshold 7372 Howl Bitmap #cards 1024 size 144 coarsen threshold 921 Card regions per heap region 1 cards per card region 8192
 CPUs: 8 total, 8 available
 Memory: 32549M
 Large Page Support: Disabled
 NUMA Support: Disabled
 Compressed Oops: Enabled (Zero based)
 Heap Region Size: 4M
 Heap Min Capacity: 8M
 Heap Initial Capacity: 512M
 Heap Max Capacity: 8140M
 Pre-touch: Disabled
 Parallel Workers: 8
 Concurrent Workers: 2
 Concurrent Refinement Workers: 8
 Periodic GC: Disabled

Heap:
 garbage-first heap   total reserved 8335360K, committed 69632K, used 46394K [0x0000000603400000, 0x0000000800000000)
  region size 4096K, 13 young (53248K), 4 survivors (16384K)

Heap Regions: E=young(eden), S=young(survivor), O=old, HS=humongous(starts), HC=humongous(continues), CS=collection set, F=free, TAMS=top-at-mark-start, PB=parsable bottom
|   0|0x0000000603400000, 0x0000000603400000, 0x0000000603800000|  0%| F|  |TAMS 0x0000000603400000| PB 0x0000000603400000| Untracked |  0
|   1|0x0000000603800000, 0x0000000603800000, 0x0000000603c00000|  0%| F|  |TAMS 0x0000000603800000| PB 0x0000000603800000| Untracked |  0
|   2|0x0000000603c00000, 0x0000000603c00000, 0x0000000604000000|  0%| F|  |TAMS 0x0000000603c00000| PB 0x0000000603c00000| Untracked |  0
|   3|0x0000000604000000, 0x00000006043d7138, 0x0000000604400000| 96%| E|  |TAMS 0x0000000604000000| PB 0x0000000604000000| Complete |  0
|   4|0x0000000604400000, 0x0000000604800000, 0x0000000604800000|100%| E|CS|TAMS 0x0000000604400000| PB 0x0000000604400000| Complete |  0
|   5|0x0000000604800000, 0x0000000604c00000, 0x0000000604c00000|100%| E|CS|TAMS 0x0000000604800000| PB 0x0000000604800000| Complete |  0
|   6|0x0000000604c00000, 0x0000000605000000, 0x0000000605000000|100%| E|CS|TAMS 0x0000000604c00000| PB 0x0000000604c00000| Complete |  0
|   7|0x0000000605000000, 0x0000000605400000, 0x0000000605400000|100%| E|CS|TAMS 0x0000000605000000| PB 0x0000000605000000| Complete |  0
|   8|0x0000000605400000, 0x0000000605800000, 0x0000000605800000|100%| E|CS|TAMS 0x0000000605400000| PB 0x0000000605400000| Complete |  0
|   9|0x0000000605800000, 0x0000000605c00000, 0x0000000605c00000|100%| E|CS|TAMS 0x0000000605800000| PB 0x0000000605800000| Complete |  0
|  10|0x0000000605c00000, 0x0000000606000000, 0x0000000606000000|100%| E|CS|TAMS 0x0000000605c00000| PB 0x0000000605c00000| Complete |  0
| 106|0x000000061dc00000, 0x000000061dc29b90, 0x000000061e000000|  4%| S|CS|TAMS 0x000000061dc00000| PB 0x000000061dc00000| Complete |  0
| 107|0x000000061e000000, 0x000000061e400000, 0x000000061e400000|100%| S|CS|TAMS 0x000000061e000000| PB 0x000000061e000000| Complete |  0
| 108|0x000000061e400000, 0x000000061e800000, 0x000000061e800000|100%| S|CS|TAMS 0x000000061e400000| PB 0x000000061e400000| Complete |  0
| 109|0x000000061e800000, 0x000000061ec00000, 0x000000061ec00000|100%| S|CS|TAMS 0x000000061e800000| PB 0x000000061e800000| Complete |  0
| 127|0x0000000623000000, 0x0000000623400000, 0x0000000623400000|100%| E|CS|TAMS 0x0000000623000000| PB 0x0000000623000000| Complete |  0
|2034|0x00000007ffc00000, 0x00000007ffd24ea8, 0x0000000800000000| 28%| O|Cm|TAMS 0x00000007ffc00000| PB 0x00000007ffc00000| Complete |  0

Card table byte_map: [0x0000024d6e3d0000,0x0000024d6f3c0000] _byte_map_base: 0x0000024d6b3b6000

Marking Bits: (CMBitMap*) 0x0000024d773c01a0
 Bits: [0x0000024d6f3c0000, 0x0000024d772f0000)

Polling page: 0x0000024d53320000

Metaspace:
Metaspace        used 23108K, committed 23424K, reserved 1114112K
 class space     used 2836K, committed 3008K, reserved 1048576K

Usage:
  Non-class:     19.80 MB used.
      Class:      2.77 MB used.
       Both:     22.57 MB used.

Virtual space:
  Non-class space:       64.00 MB reserved,      19.94 MB ( 31%) committed,  1 nodes.
      Class space:        1.00 GB reserved,       2.94 MB ( <1%) committed,  1 nodes.
             Both:        1.06 GB reserved,      22.88 MB (  2%) committed. 

Chunk freelists:
   Non-Class:  11.70 MB
       Class:  13.04 MB
        Both:  24.74 MB

MaxMetaspaceSize: unlimited
CompressedClassSpaceSize: 1.00 GB
Initial GC threshold: 21.00 MB
Current GC threshold: 35.12 MB
CDS: on
 - commit_granule_bytes: 65536.
 - commit_granule_words: 8192.
 - virtual_space_node_default_size: 8388608.
 - enlarge_chunks_in_place: 1.
UseCompressedClassPointers 1, UseCompactObjectHeaders 0
Narrow klass pointer bits 32, Max shift 3
Narrow klass base: 0x0000000098000000, Narrow klass shift: 0
Encoding Range: [0x0000000098000000 - 0x0000000198000000), (4294967296 bytes)
Klass Range:    [0x0000000098010000 - 0x00000000d9000000), (1090453504 bytes)
Klass ID Range:  [65536 - 1090519033) (1090453497)
Protection zone: [0x0000000098000000 - 0x0000000098010000), (65536 bytes)


Internal statistics:

num_allocs_failed_limit: 3.
num_arena_births: 284.
num_arena_deaths: 0.
num_vsnodes_births: 2.
num_vsnodes_deaths: 0.
num_space_committed: 366.
num_space_uncommitted: 0.
num_chunks_returned_to_freelist: 3.
num_chunks_taken_from_freelist: 1016.
num_chunk_merges: 0.
num_chunk_splits: 700.
num_chunks_enlarged: 546.
num_inconsistent_stats: 0.

CodeHeap 'non-profiled nmethods': size=120064Kb used=1842Kb max_used=1842Kb free=118222Kb
 bounds [0x0000024d65a50000, 0x0000024d65cc0000, 0x0000024d6cf90000]
CodeHeap 'profiled nmethods': size=120000Kb used=9231Kb max_used=9231Kb free=110768Kb
 bounds [0x0000024d5df90000, 0x0000024d5e8a0000, 0x0000024d654c0000]
CodeHeap 'non-nmethods': size=5696Kb used=1780Kb max_used=1835Kb free=3915Kb
 bounds [0x0000024d654c0000, 0x0000024d65730000, 0x0000024d65a50000]
CodeCache: size=245760Kb, used=12853Kb, max_used=12908Kb, free=232905Kb
 total_blobs=6271, nmethods=5367, adapters=806, full_count=0
Compilation: enabled, stopped_count=0, restarted_count=0

Compilation events (20 events):
Event: 17.013 Thread 0x0000024d7754bdb0 nmethod 5358 0x0000024d5e88f308 code [0x0000024d5e88f400, 0x0000024d5e88f510]
Event: 17.020 Thread 0x0000024d7754bdb0 5359       3       javafx.scene.input.PickResult::<init> (47 bytes)
Event: 17.020 Thread 0x0000024d77542140 nmethod 5357 0x0000024d65c1b888 code [0x0000024d65c1b980, 0x0000024d65c1bdd0]
Event: 17.020 Thread 0x0000024d7754bdb0 nmethod 5359 0x0000024d5e88f608 code [0x0000024d5e88f700, 0x0000024d5e88f9b8]
Event: 17.115 Thread 0x0000024d7754bdb0 5360       3       javafx.scene.Scene$TargetWrapper::getCursor (61 bytes)
Event: 17.117 Thread 0x0000024d7754bdb0 nmethod 5360 0x0000024d5e88fa08 code [0x0000024d5e88fb00, 0x0000024d5e890e30]
Event: 17.128 Thread 0x0000024d7754bdb0 5361       3       javafx.scene.Scene$ClickGenerator::postProcess (266 bytes)
Event: 17.131 Thread 0x0000024d7754bdb0 nmethod 5361 0x0000024d5e890e88 code [0x0000024d5e890f80, 0x0000024d5e892b20]
Event: 17.158 Thread 0x0000024d7754bdb0 5362       3       javafx.scene.Scene$MouseHandler::clearPDREventTargets (62 bytes)
Event: 17.159 Thread 0x0000024d7754bdb0 nmethod 5362 0x0000024d5e892b88 code [0x0000024d5e892c80, 0x0000024d5e893468]
Event: 17.218 Thread 0x0000024d7754bdb0 5363       3       com.sun.javafx.event.CompositeEventHandler::dispatchBubblingEvent (57 bytes)
Event: 17.219 Thread 0x0000024d7754bdb0 nmethod 5363 0x0000024d5e893488 code [0x0000024d5e893580, 0x0000024d5e893a40]
Event: 17.233 Thread 0x0000024d7754bdb0 5364       3       com.sun.javafx.event.CompositeEventHandler$NormalEventHandlerRecord::handleBubblingEvent (11 bytes)
Event: 17.233 Thread 0x0000024d7754bdb0 nmethod 5364 0x0000024d5e893a88 code [0x0000024d5e893b80, 0x0000024d5e893d50]
Event: 87.303 Thread 0x0000024d77542140 5365       4       com.sun.javafx.tk.quantum.QuantumToolkit::postPulse (133 bytes)
Event: 87.311 Thread 0x0000024d77542140 nmethod 5365 0x0000024d65c1be08 code [0x0000024d65c1bf00, 0x0000024d65c1c130]
Event: 88.065 Thread 0x0000024d77542140 5366       4       com.sun.javafx.tk.quantum.QuantumToolkit$$Lambda/0x0000000099060648::run (8 bytes)
Event: 88.068 Thread 0x0000024d77542140 nmethod 5366 0x0000024d65c1c188 code [0x0000024d65c1c280, 0x0000024d65c1c4e8]
Event: 108.948 Thread 0x0000024d77542140 5367       4       java.lang.reflect.Modifier::isPublic (12 bytes)
Event: 108.949 Thread 0x0000024d77542140 nmethod 5367 0x0000024d65c1c508 code [0x0000024d65c1c600, 0x0000024d65c1c668]

GC Heap Usage History (4 events):
Event: 2.480 {heap Before GC invocations=0 (full 0):
 garbage-first heap   total reserved 8335360K, committed 528384K, used 50323K [0x0000000603400000, 0x0000000800000000)
  region size 4096K, 12 young (49152K), 0 survivors (0K)
}
Event: 2.484 {heap After GC invocations=1 (full 0):
 garbage-first heap   total reserved 8335360K, committed 528384K, used 6611K [0x0000000603400000, 0x0000000800000000)
  region size 4096K, 2 young (8192K), 2 survivors (8192K)
}
Event: 12.860 {heap Before GC invocations=1 (full 0):
 garbage-first heap   total reserved 8335360K, committed 528384K, used 68051K [0x0000000603400000, 0x0000000800000000)
  region size 4096K, 18 young (73728K), 2 survivors (8192K)
}
Event: 12.867 {heap After GC invocations=2 (full 0):
 garbage-first heap   total reserved 8335360K, committed 528384K, used 13626K [0x0000000603400000, 0x0000000800000000)
  region size 4096K, 4 young (16384K), 4 survivors (16384K)
}

Metaspace Usage History (4 events):
Event: 2.480 {metaspace Before GC invocations=0 (full 0):
 Metaspace       used 7919K, committed 8064K, reserved 1114112K
  class space    used 718K, committed 768K, reserved 1048576K
}
Event: 2.484 {metaspace After GC invocations=1 (full 0):
 Metaspace       used 7919K, committed 8064K, reserved 1114112K
  class space    used 718K, committed 768K, reserved 1048576K
}
Event: 12.860 {metaspace Before GC invocations=1 (full 0):
 Metaspace       used 21179K, committed 21504K, reserved 1114112K
  class space    used 2505K, committed 2688K, reserved 1048576K
}
Event: 12.867 {metaspace After GC invocations=2 (full 0):
 Metaspace       used 21179K, committed 21504K, reserved 1114112K
  class space    used 2505K, committed 2688K, reserved 1048576K
}

Dll operation events (20 events):
Event: 1.792 Loaded shared library C:\openjfx-25.0.1_windows-x64_bin-sdk\javafx-sdk-25.0.1\bin\api-ms-win-crt-private-l1-1-0.dll
Event: 1.797 Loaded shared library C:\openjfx-25.0.1_windows-x64_bin-sdk\javafx-sdk-25.0.1\bin\api-ms-win-crt-process-l1-1-0.dll
Event: 1.802 Loaded shared library C:\openjfx-25.0.1_windows-x64_bin-sdk\javafx-sdk-25.0.1\bin\api-ms-win-crt-runtime-l1-1-0.dll
Event: 1.807 Loaded shared library C:\openjfx-25.0.1_windows-x64_bin-sdk\javafx-sdk-25.0.1\bin\api-ms-win-crt-stdio-l1-1-0.dll
Event: 1.812 Loaded shared library C:\openjfx-25.0.1_windows-x64_bin-sdk\javafx-sdk-25.0.1\bin\api-ms-win-crt-string-l1-1-0.dll
Event: 1.818 Loaded shared library C:\openjfx-25.0.1_windows-x64_bin-sdk\javafx-sdk-25.0.1\bin\api-ms-win-crt-time-l1-1-0.dll
Event: 1.823 Loaded shared library C:\openjfx-25.0.1_windows-x64_bin-sdk\javafx-sdk-25.0.1\bin\api-ms-win-crt-utility-l1-1-0.dll
Event: 1.839 Loaded shared library C:\openjfx-25.0.1_windows-x64_bin-sdk\javafx-sdk-25.0.1\bin\ucrtbase.dll
Event: 1.846 Loaded shared library C:\openjfx-25.0.1_windows-x64_bin-sdk\javafx-sdk-25.0.1\bin\vcruntime140.dll
Event: 1.853 Loaded shared library C:\openjfx-25.0.1_windows-x64_bin-sdk\javafx-sdk-25.0.1\bin\vcruntime140_1.dll
Event: 1.864 Loaded shared library C:\openjfx-25.0.1_windows-x64_bin-sdk\javafx-sdk-25.0.1\bin\msvcp140.dll
Event: 1.869 Loaded shared library C:\openjfx-25.0.1_windows-x64_bin-sdk\javafx-sdk-25.0.1\bin\msvcp140_1.dll
Event: 1.878 Loaded shared library C:\openjfx-25.0.1_windows-x64_bin-sdk\javafx-sdk-25.0.1\bin\msvcp140_2.dll
Event: 1.907 Loaded shared library C:\openjfx-25.0.1_windows-x64_bin-sdk\javafx-sdk-25.0.1\bin\prism_d3d.dll
Event: 1.944 Loaded shared library C:\openjfx-25.0.1_windows-x64_bin-sdk\javafx-sdk-25.0.1\bin\glass.dll
Event: 2.077 Loaded shared library C:\Users\EugeneDokyeAnokye\AppData\Local\Programs\Eclipse Adoptium\jdk-25.0.1.8-hotspot\bin\jimage.dll
Event: 2.500 Loaded shared library C:\openjfx-25.0.1_windows-x64_bin-sdk\javafx-sdk-25.0.1\bin\javafx_font.dll
Event: 11.635 Loaded shared library C:\Users\EugeneDokyeAnokye\AppData\Local\Programs\Eclipse Adoptium\jdk-25.0.1.8-hotspot\bin\management.dll
Event: 11.637 Loaded shared library C:\Users\EugeneDokyeAnokye\AppData\Local\Programs\Eclipse Adoptium\jdk-25.0.1.8-hotspot\bin\management_ext.dll
Event: 11.894 Loaded shared library C:\Users\EugeneDokyeAnokye\AppData\Local\Programs\Eclipse Adoptium\jdk-25.0.1.8-hotspot\bin\verify.dll

Deoptimization events (20 events):
Event: 15.244 Thread 0x0000024d7eca0ea0 Uncommon trap: trap_request=0xffffffbe fr.pc=0x0000024d65c155b0 relative=0x00000000000003b0
Event: 15.244 Thread 0x0000024d7eca0ea0 Uncommon trap: reason=profile_predicate action=maybe_recompile pc=0x0000024d65c155b0 method=com.sun.javafx.css.CompoundSelector.applies(Ljavafx/css/Styleable;[Ljava/util/Set;I)Z @ 89 c2
Event: 15.244 Thread 0x0000024d7eca0ea0 DEOPT PACKING pc=0x0000024d65c155b0 sp=0x00000083496f9a20
Event: 15.244 Thread 0x0000024d7eca0ea0 DEOPT UNPACKING pc=0x0000024d655df882 sp=0x00000083496f9990 mode 2
Event: 15.244 Thread 0x0000024d7eca0ea0 Uncommon trap: trap_request=0xffffffbe fr.pc=0x0000024d65c155b0 relative=0x00000000000003b0
Event: 15.244 Thread 0x0000024d7eca0ea0 Uncommon trap: reason=profile_predicate action=maybe_recompile pc=0x0000024d65c155b0 method=com.sun.javafx.css.CompoundSelector.applies(Ljavafx/css/Styleable;[Ljava/util/Set;I)Z @ 89 c2
Event: 15.244 Thread 0x0000024d7eca0ea0 DEOPT PACKING pc=0x0000024d65c155b0 sp=0x00000083496f9a20
Event: 15.244 Thread 0x0000024d7eca0ea0 DEOPT UNPACKING pc=0x0000024d655df882 sp=0x00000083496f9990 mode 2
Event: 15.244 Thread 0x0000024d7eca0ea0 Uncommon trap: trap_request=0xffffffbe fr.pc=0x0000024d65c155b0 relative=0x00000000000003b0
Event: 15.244 Thread 0x0000024d7eca0ea0 Uncommon trap: reason=profile_predicate action=maybe_recompile pc=0x0000024d65c155b0 method=com.sun.javafx.css.CompoundSelector.applies(Ljavafx/css/Styleable;[Ljava/util/Set;I)Z @ 89 c2
Event: 15.244 Thread 0x0000024d7eca0ea0 DEOPT PACKING pc=0x0000024d65c155b0 sp=0x00000083496f99a0
Event: 15.244 Thread 0x0000024d7eca0ea0 DEOPT UNPACKING pc=0x0000024d655df882 sp=0x00000083496f9910 mode 2
Event: 15.244 Thread 0x0000024d7eca0ea0 Uncommon trap: trap_request=0xffffffbe fr.pc=0x0000024d65c155b0 relative=0x00000000000003b0
Event: 15.244 Thread 0x0000024d7eca0ea0 Uncommon trap: reason=profile_predicate action=maybe_recompile pc=0x0000024d65c155b0 method=com.sun.javafx.css.CompoundSelector.applies(Ljavafx/css/Styleable;[Ljava/util/Set;I)Z @ 89 c2
Event: 15.244 Thread 0x0000024d7eca0ea0 DEOPT PACKING pc=0x0000024d65c155b0 sp=0x00000083496f9a20
Event: 15.244 Thread 0x0000024d7eca0ea0 DEOPT UNPACKING pc=0x0000024d655df882 sp=0x00000083496f9990 mode 2
Event: 15.263 Thread 0x0000024d7ecbb570 Uncommon trap: trap_request=0xffffff45 fr.pc=0x0000024d65ac7c5c relative=0x0000000000000adc
Event: 15.263 Thread 0x0000024d7ecbb570 Uncommon trap: reason=unstable_if action=reinterpret pc=0x0000024d65ac7c5c method=java.util.concurrent.ConcurrentHashMap.putVal(Ljava/lang/Object;Ljava/lang/Object;Z)Ljava/lang/Object; @ 401 c2
Event: 15.263 Thread 0x0000024d7ecbb570 DEOPT PACKING pc=0x0000024d65ac7c5c sp=0x00000083492fdf30
Event: 15.263 Thread 0x0000024d7ecbb570 DEOPT UNPACKING pc=0x0000024d655df882 sp=0x00000083492fdea0 mode 2

Classes loaded (20 events):
Event: 13.115 Loading class java/lang/CharacterData01
Event: 13.115 Loading class java/lang/CharacterData01 done
Event: 13.177 Loading class java/lang/FdLibm$Acos
Event: 13.177 Loading class java/lang/FdLibm$Acos done
Event: 15.239 Loading class java/text/BreakIterator
Event: 15.239 Loading class java/text/BreakIterator done
Event: 15.239 Loading class sun/util/locale/provider/BreakIteratorProviderImpl$GraphemeBreakIterator
Event: 15.239 Loading class sun/util/locale/provider/BreakIteratorProviderImpl$GraphemeBreakIterator done
Event: 15.239 Loading class java/text/StringCharacterIterator
Event: 15.239 Loading class java/text/StringCharacterIterator done
Event: 15.239 Loading class sun/util/locale/provider/BreakIteratorProviderImpl$CharacterIteratorCharSequence
Event: 15.239 Loading class sun/util/locale/provider/BreakIteratorProviderImpl$CharacterIteratorCharSequence done
Event: 15.239 Loading class java/text/BreakIterator$BreakIteratorCache
Event: 15.239 Loading class java/text/BreakIterator$BreakIteratorCache done
Event: 15.239 Loading class jdk/internal/util/regex/Grapheme
Event: 15.240 Loading class jdk/internal/util/regex/Grapheme done
Event: 15.240 Loading class jdk/internal/util/regex/IndicConjunctBreak
Event: 15.240 Loading class jdk/internal/util/regex/IndicConjunctBreak done
Event: 108.947 Loading class jdk/internal/misc/Signal$1
Event: 108.947 Loading class jdk/internal/misc/Signal$1 done

Classes unloaded (0 events):
No events

Classes redefined (0 events):
No events

Internal exceptions (20 events):
Event: 11.792 Thread 0x0000024d7eca0ea0 Implicit null exception at 0x0000024d65b90f30 to 0x0000024d65b917ec
Event: 11.825 Thread 0x0000024d7eca0ea0 Exception <a 'java/lang/NoSuchMethodError'{0x000000061f7fbd68}: 'java.lang.Object java.lang.invoke.DirectMethodHandle$Holder.invokeStaticInit(java.lang.Object, java.lang.Object, java.lang.Object)'> (0x000000061f7fbd68) 
thrown [s\src\hotspot\share\interpreter\linkResolver.cpp, line 804]
Event: 12.347 Thread 0x0000024d7eca0ea0 Implicit null exception at 0x0000024d65b8ffe3 to 0x0000024d65b909c0
Event: 12.444 Thread 0x0000024d7eca0ea0 Exception <a 'java/lang/NoSuchMethodError'{0x000000061ec9a020}: 'void java.lang.invoke.DirectMethodHandle$Holder.invokeSpecial(java.lang.Object, java.lang.Object, int)'> (0x000000061ec9a020) 
thrown [s\src\hotspot\share\interpreter\linkResolver.cpp, line 804]
Event: 12.445 Thread 0x0000024d7eca0ea0 Exception <a 'java/lang/NoSuchMethodError'{0x000000061ecaa508}: 'void java.lang.invoke.DelegatingMethodHandle$Holder.reinvoke_L(java.lang.Object, java.lang.Object, int)'> (0x000000061ecaa508) 
thrown [s\src\hotspot\share\interpreter\linkResolver.cpp, line 804]
Event: 12.554 Thread 0x0000024d7eca0ea0 Exception <a 'java/lang/NoSuchMethodError'{0x000000061ed5ecb0}: 'int java.lang.invoke.DirectMethodHandle$Holder.invokeVirtual(java.lang.Object, java.lang.Object)'> (0x000000061ed5ecb0) 
thrown [s\src\hotspot\share\interpreter\linkResolver.cpp, line 804]
Event: 12.879 Thread 0x0000024d7eca0ea0 Exception <a 'java/io/FileNotFoundException'{0x00000006230234a0}> (0x00000006230234a0) 
thrown [s\src\hotspot\share\prims\jni.cpp, line 516]
Event: 12.901 Thread 0x0000024d7eca0ea0 Implicit null exception at 0x0000024d65b7e94a to 0x0000024d65b7e9a0
Event: 13.059 Thread 0x0000024d7eca0ea0 Exception <a 'java/io/FileNotFoundException'{0x000000060504d540}> (0x000000060504d540) 
thrown [s\src\hotspot\share\prims\jni.cpp, line 516]
Event: 13.059 Thread 0x0000024d7eca0ea0 Exception <a 'java/io/FileNotFoundException'{0x000000060504f640}> (0x000000060504f640) 
thrown [s\src\hotspot\share\prims\jni.cpp, line 516]
Event: 13.070 Thread 0x0000024d7eca0ea0 Exception <a 'java/io/FileNotFoundException'{0x0000000605070660}> (0x0000000605070660) 
thrown [s\src\hotspot\share\prims\jni.cpp, line 516]
Event: 13.070 Thread 0x0000024d7eca0ea0 Exception <a 'java/io/FileNotFoundException'{0x0000000605072200}> (0x0000000605072200) 
thrown [s\src\hotspot\share\prims\jni.cpp, line 516]
Event: 13.137 Thread 0x0000024d7eca0ea0 Exception <a 'java/io/FileNotFoundException'{0x000000060521a820}> (0x000000060521a820) 
thrown [s\src\hotspot\share\prims\jni.cpp, line 516]
Event: 13.137 Thread 0x0000024d7eca0ea0 Exception <a 'java/io/FileNotFoundException'{0x000000060521c3c0}> (0x000000060521c3c0) 
thrown [s\src\hotspot\share\prims\jni.cpp, line 516]
Event: 13.137 Thread 0x0000024d7eca0ea0 Exception <a 'java/io/FileNotFoundException'{0x000000060521df78}> (0x000000060521df78) 
thrown [s\src\hotspot\share\prims\jni.cpp, line 516]
Event: 13.137 Thread 0x0000024d7eca0ea0 Exception <a 'java/io/FileNotFoundException'{0x000000060521fb18}> (0x000000060521fb18) 
thrown [s\src\hotspot\share\prims\jni.cpp, line 516]
Event: 14.465 Thread 0x0000024d7eca0ea0 Exception <a 'java/lang/NoSuchMethodError'{0x0000000604908998}: 'java.lang.Object java.lang.invoke.DirectMethodHandle$Holder.newInvokeSpecial(java.lang.Object, java.lang.Object, java.lang.Object, java.lang.Object, double)'> (0x0000000604908998) 
thrown [s\src\hotspot\share\interpreter\linkResolver.cpp, line 804]
Event: 14.465 Thread 0x0000024d7eca0ea0 Exception <a 'java/lang/NoSuchMethodError'{0x00000006049117e8}: 'java.lang.Object java.lang.invoke.DirectMethodHandle$Holder.invokeSpecial(java.lang.Object, java.lang.Object, java.lang.Object, java.lang.Object, java.lang.Object, double)'> (0x00000006049117e8) 
thrown [s\src\hotspot\share\interpreter\linkResolver.cpp, line 804]
Event: 14.466 Thread 0x0000024d7eca0ea0 Exception <a 'java/lang/NoSuchMethodError'{0x0000000604919d08}: 'java.lang.Object java.lang.invoke.Invokers$Holder.linkToTargetMethod(java.lang.Object, java.lang.Object, java.lang.Object, double, java.lang.Object)'> (0x0000000604919d08) 
thrown [s\src\hotspot\share\interpreter\linkResolver.cpp, line 804]
Event: 15.167 Thread 0x0000024d7eca0ea0 Exception <a 'java/lang/NoSuchMethodError'{0x0000000604aa3430}: 'java.lang.Object java.lang.invoke.DirectMethodHandle$Holder.newInvokeSpecial(java.lang.Object, java.lang.Object, int, int, int, int, int, java.lang.Object)'> (0x0000000604aa3430) 
thrown [s\src\hotspot\share\interpreter\linkResolver.cpp, line 804]

VM Operations (20 events):
Event: 11.731 Executing non-safepoint VM operation: HandshakeAllThreads (Deoptimize) done
Event: 11.759 Executing non-safepoint VM operation: HandshakeAllThreads (Deoptimize)
Event: 11.759 Executing non-safepoint VM operation: HandshakeAllThreads (Deoptimize) done
Event: 12.860 Executing safepoint VM operation: CollectForMetadataAllocation (Metadata GC Threshold)
Event: 12.867 Executing safepoint VM operation: CollectForMetadataAllocation (Metadata GC Threshold) done
Event: 12.873 Executing safepoint VM operation: G1PauseRemark
Event: 12.875 Executing safepoint VM operation: G1PauseRemark done
Event: 12.875 Executing safepoint VM operation: G1PauseCleanup
Event: 12.875 Executing safepoint VM operation: G1PauseCleanup done
Event: 12.923 Executing non-safepoint VM operation: HandshakeAllThreads (Deoptimize)
Event: 12.923 Executing non-safepoint VM operation: HandshakeAllThreads (Deoptimize) done
Event: 12.931 Executing non-safepoint VM operation: HandshakeAllThreads (Deoptimize)
Event: 12.931 Executing non-safepoint VM operation: HandshakeAllThreads (Deoptimize) done
Event: 15.173 Executing non-safepoint VM operation: HandshakeAllThreads (Deoptimize)
Event: 15.173 Executing non-safepoint VM operation: HandshakeAllThreads (Deoptimize) done
Event: 60.252 Executing non-safepoint VM operation: HandshakeAllThreads (HandshakeForDeflation)
Event: 60.253 Executing non-safepoint VM operation: HandshakeAllThreads (HandshakeForDeflation) done
Event: 60.253 Executing non-safepoint VM operation: RendezvousGCThreads
Event: 60.253 Executing non-safepoint VM operation: RendezvousGCThreads done
Event: 108.950 Executing safepoint VM operation: Exit

Memory protections (0 events):
No events

Nmethod flushes (0 events):
No events

Events (20 events):
Event: 11.826 Thread 0x0000024d7eca0ea0 Thread added: 0x0000024d7f976ae0
Event: 12.347 Thread 0x0000024d7f078270 Thread exited: 0x0000024d7f078270
Event: 12.347 Thread 0x0000024d7f0729c0 Thread exited: 0x0000024d7f0729c0
Event: 12.349 Thread 0x0000024d77542140 Thread added: 0x0000024d7f0729c0
Event: 12.549 Thread 0x0000024d7f0729c0 Thread exited: 0x0000024d7f0729c0
Event: 12.895 Thread 0x0000024d7754bdb0 Thread added: 0x0000024d7f079290
Event: 12.975 Thread 0x0000024d7754bdb0 Thread added: 0x0000024d7e18d450
Event: 13.399 Thread 0x0000024d7e18d450 Thread exited: 0x0000024d7e18d450
Event: 13.414 Thread 0x0000024d7f079290 Thread exited: 0x0000024d7f079290
Event: 15.240 Thread 0x0000024d7754bdb0 Thread added: 0x0000024d7e18dc60
Event: 15.633 Thread 0x0000024d7e18dc60 Thread exited: 0x0000024d7e18dc60
Event: 41.841 Thread 0x0000024d7f976ae0 Thread exited: 0x0000024d7f976ae0
Event: 108.948 Thread 0x0000024d77532000 Thread added: 0x0000024d0735d980
Event: 108.948 Thread 0x0000024d0735d980 Thread added: 0x0000024d07363f10
Event: 108.948 Thread 0x0000024d0735d980 Thread added: 0x0000024d07363740
Event: 108.948 Thread 0x0000024d07363f10 Thread exited: 0x0000024d07363f10
Event: 108.949 Thread 0x0000024d07363740 Thread added: 0x0000024d07363f10
Event: 108.950 Thread 0x0000024d07363f10 Thread exited: 0x0000024d07363f10
Event: 108.950 Thread 0x0000024d07363740 Thread exited: 0x0000024d07363740
Event: 108.950 Thread 0x0000024d0735d980 Before exit entered


Dynamic libraries:
0x00007ff6801f0000 - 0x00007ff6801fe000 	C:\Users\EugeneDokyeAnokye\AppData\Local\Programs\Eclipse Adoptium\jdk-25.0.1.8-hotspot\bin\java.exe
0x00007ffbb69e0000 - 0x00007ffbb6c47000 	C:\WINDOWS\SYSTEM32\ntdll.dll
0x00007ffbb5600000 - 0x00007ffbb56c9000 	C:\WINDOWS\System32\KERNEL32.DLL
0x00007ffbb3f80000 - 0x00007ffbb436f000 	C:\WINDOWS\System32\KERNELBASE.dll
0x00007ffbb44b0000 - 0x00007ffbb45fb000 	C:\WINDOWS\System32\ucrtbase.dll
0x00007ffba08e0000 - 0x00007ffba08fe000 	C:\Users\EugeneDokyeAnokye\AppData\Local\Programs\Eclipse Adoptium\jdk-25.0.1.8-hotspot\bin\VCRUNTIME140.dll
0x00007ffb99320000 - 0x00007ffb99336000 	C:\Users\EugeneDokyeAnokye\AppData\Local\Programs\Eclipse Adoptium\jdk-25.0.1.8-hotspot\bin\jli.dll
0x00007ffbb6720000 - 0x00007ffbb68e5000 	C:\WINDOWS\System32\USER32.dll
0x00007ffb99570000 - 0x00007ffb99803000 	C:\WINDOWS\WinSxS\amd64_microsoft.windows.common-controls_6595b64144ccf1df_6.0.26100.7309_none_3e05feeae336a044\COMCTL32.dll
0x00007ffbb68f0000 - 0x00007ffbb6999000 	C:\WINDOWS\System32\msvcrt.dll
0x00007ffbb3f50000 - 0x00007ffbb3f77000 	C:\WINDOWS\System32\win32u.dll
0x00007ffbb4b40000 - 0x00007ffbb4b6b000 	C:\WINDOWS\System32\GDI32.dll
0x00007ffbb4380000 - 0x00007ffbb44ac000 	C:\WINDOWS\System32\gdi32full.dll
0x00007ffbb3bc0000 - 0x00007ffbb3c63000 	C:\WINDOWS\System32\msvcp_win.dll
0x00007ffbb54c0000 - 0x00007ffbb54f1000 	C:\WINDOWS\System32\IMM32.DLL
0x00007ffbae280000 - 0x00007ffbae28c000 	C:\Users\EugeneDokyeAnokye\AppData\Local\Programs\Eclipse Adoptium\jdk-25.0.1.8-hotspot\bin\vcruntime140_1.dll
0x00007ffb96b90000 - 0x00007ffb96c1d000 	C:\Users\EugeneDokyeAnokye\AppData\Local\Programs\Eclipse Adoptium\jdk-25.0.1.8-hotspot\bin\msvcp140.dll
0x00007ffb37c00000 - 0x00007ffb38b26000 	C:\Users\EugeneDokyeAnokye\AppData\Local\Programs\Eclipse Adoptium\jdk-25.0.1.8-hotspot\bin\server\jvm.dll
0x00007ffbb4780000 - 0x00007ffbb4834000 	C:\WINDOWS\System32\ADVAPI32.dll
0x00007ffbb5bc0000 - 0x00007ffbb5c66000 	C:\WINDOWS\System32\sechost.dll
0x00007ffbb6600000 - 0x00007ffbb6718000 	C:\WINDOWS\System32\RPCRT4.dll
0x00007ffbb4950000 - 0x00007ffbb49c4000 	C:\WINDOWS\System32\WS2_32.dll
0x00007ffbb3990000 - 0x00007ffbb39ee000 	C:\WINDOWS\SYSTEM32\POWRPROF.dll
0x00007ffb96860000 - 0x00007ffb96895000 	C:\WINDOWS\SYSTEM32\WINMM.dll
0x00007ffba7270000 - 0x00007ffba727b000 	C:\WINDOWS\SYSTEM32\VERSION.dll
0x00007ffbb3970000 - 0x00007ffbb3984000 	C:\WINDOWS\SYSTEM32\UMPDC.dll
0x00007ffbb2770000 - 0x00007ffbb278b000 	C:\WINDOWS\SYSTEM32\kernel.appcore.dll
0x00007ffbae260000 - 0x00007ffbae26a000 	C:\Users\EugeneDokyeAnokye\AppData\Local\Programs\Eclipse Adoptium\jdk-25.0.1.8-hotspot\bin\jimage.dll
0x00007ffbb0d50000 - 0x00007ffbb0f92000 	C:\WINDOWS\SYSTEM32\DBGHELP.DLL
0x00007ffbb5c70000 - 0x00007ffbb5ff5000 	C:\WINDOWS\System32\combase.dll
0x00007ffbb58c0000 - 0x00007ffbb5996000 	C:\WINDOWS\System32\OLEAUT32.dll
0x00007ffb88790000 - 0x00007ffb887cc000 	C:\WINDOWS\SYSTEM32\dbgcore.DLL
0x00007ffbb3c70000 - 0x00007ffbb3d15000 	C:\WINDOWS\System32\bcryptPrimitives.dll
0x00007ffba5750000 - 0x00007ffba575f000 	C:\Users\EugeneDokyeAnokye\AppData\Local\Programs\Eclipse Adoptium\jdk-25.0.1.8-hotspot\bin\instrument.dll
0x00007ffb99290000 - 0x00007ffb992ae000 	C:\Users\EugeneDokyeAnokye\AppData\Local\Programs\Eclipse Adoptium\jdk-25.0.1.8-hotspot\bin\java.dll
0x00007ffbb5720000 - 0x00007ffbb58b7000 	C:\WINDOWS\System32\ole32.dll
0x00007ffbb4ce0000 - 0x00007ffbb5433000 	C:\WINDOWS\System32\SHELL32.dll
0x00007ffbb3de0000 - 0x00007ffbb3f4a000 	C:\WINDOWS\System32\wintypes.dll
0x00007ffbb13c0000 - 0x00007ffbb1c1e000 	C:\WINDOWS\SYSTEM32\windows.storage.dll
0x00007ffbb4be0000 - 0x00007ffbb4cd5000 	C:\WINDOWS\System32\SHCORE.dll
0x00007ffbb4b70000 - 0x00007ffbb4bd6000 	C:\WINDOWS\System32\shlwapi.dll
0x00007ffbb3a50000 - 0x00007ffbb3a79000 	C:\WINDOWS\SYSTEM32\profapi.dll
0x00007ffb97e50000 - 0x00007ffb97e61000 	C:\Users\EugeneDokyeAnokye\AppData\Local\Programs\Eclipse Adoptium\jdk-25.0.1.8-hotspot\bin\net.dll
0x00007ffbb2df0000 - 0x00007ffbb2e5b000 	C:\WINDOWS\system32\mswsock.dll
0x00007ffb97e00000 - 0x00007ffb97e16000 	C:\Users\EugeneDokyeAnokye\AppData\Local\Programs\Eclipse Adoptium\jdk-25.0.1.8-hotspot\bin\nio.dll
0x00007ffb97de0000 - 0x00007ffb97df7000 	C:\Users\EugeneDokyeAnokye\AppData\Local\Programs\Eclipse Adoptium\jdk-25.0.1.8-hotspot\bin\zip.dll
0x00007ffba54e0000 - 0x00007ffba54e9000 	C:\Users\EugeneDokyeAnokye\AppData\Local\Programs\Eclipse Adoptium\jdk-25.0.1.8-hotspot\bin\extnet.dll
0x0000024d00000000 - 0x0000024d00004000 	C:\openjfx-25.0.1_windows-x64_bin-sdk\javafx-sdk-25.0.1\bin\api-ms-win-core-console-l1-1-0.dll
0x0000024d00010000 - 0x0000024d00014000 	C:\openjfx-25.0.1_windows-x64_bin-sdk\javafx-sdk-25.0.1\bin\api-ms-win-core-console-l1-2-0.dll
0x0000024d00020000 - 0x0000024d00024000 	C:\openjfx-25.0.1_windows-x64_bin-sdk\javafx-sdk-25.0.1\bin\api-ms-win-core-datetime-l1-1-0.dll
0x0000024d00030000 - 0x0000024d00034000 	C:\openjfx-25.0.1_windows-x64_bin-sdk\javafx-sdk-25.0.1\bin\api-ms-win-core-debug-l1-1-0.dll
0x0000024d00040000 - 0x0000024d00044000 	C:\openjfx-25.0.1_windows-x64_bin-sdk\javafx-sdk-25.0.1\bin\api-ms-win-core-errorhandling-l1-1-0.dll
0x0000024d00050000 - 0x0000024d00055000 	C:\openjfx-25.0.1_windows-x64_bin-sdk\javafx-sdk-25.0.1\bin\api-ms-win-core-file-l1-1-0.dll
0x0000024d00060000 - 0x0000024d00064000 	C:\openjfx-25.0.1_windows-x64_bin-sdk\javafx-sdk-25.0.1\bin\api-ms-win-core-file-l1-2-0.dll
0x0000024d00070000 - 0x0000024d00074000 	C:\openjfx-25.0.1_windows-x64_bin-sdk\javafx-sdk-25.0.1\bin\api-ms-win-core-file-l2-1-0.dll
0x0000024d00080000 - 0x0000024d00084000 	C:\openjfx-25.0.1_windows-x64_bin-sdk\javafx-sdk-25.0.1\bin\api-ms-win-core-handle-l1-1-0.dll
0x0000024d00090000 - 0x0000024d00094000 	C:\openjfx-25.0.1_windows-x64_bin-sdk\javafx-sdk-25.0.1\bin\api-ms-win-core-heap-l1-1-0.dll
0x0000024d000a0000 - 0x0000024d000a4000 	C:\openjfx-25.0.1_windows-x64_bin-sdk\javafx-sdk-25.0.1\bin\api-ms-win-core-interlocked-l1-1-0.dll
0x0000024d000b0000 - 0x0000024d000b4000 	C:\openjfx-25.0.1_windows-x64_bin-sdk\javafx-sdk-25.0.1\bin\api-ms-win-core-libraryloader-l1-1-0.dll
0x0000024d000c0000 - 0x0000024d000c4000 	C:\openjfx-25.0.1_windows-x64_bin-sdk\javafx-sdk-25.0.1\bin\api-ms-win-core-localization-l1-2-0.dll
0x0000024d000d0000 - 0x0000024d000d4000 	C:\openjfx-25.0.1_windows-x64_bin-sdk\javafx-sdk-25.0.1\bin\api-ms-win-core-memory-l1-1-0.dll
0x0000024d000e0000 - 0x0000024d000e4000 	C:\openjfx-25.0.1_windows-x64_bin-sdk\javafx-sdk-25.0.1\bin\api-ms-win-core-namedpipe-l1-1-0.dll
0x0000024d000f0000 - 0x0000024d000f4000 	C:\openjfx-25.0.1_windows-x64_bin-sdk\javafx-sdk-25.0.1\bin\api-ms-win-core-processenvironment-l1-1-0.dll
0x0000024d00100000 - 0x0000024d00104000 	C:\openjfx-25.0.1_windows-x64_bin-sdk\javafx-sdk-25.0.1\bin\api-ms-win-core-processthreads-l1-1-0.dll
0x0000024d00110000 - 0x0000024d00114000 	C:\openjfx-25.0.1_windows-x64_bin-sdk\javafx-sdk-25.0.1\bin\api-ms-win-core-processthreads-l1-1-1.dll
0x0000024d00120000 - 0x0000024d00124000 	C:\openjfx-25.0.1_windows-x64_bin-sdk\javafx-sdk-25.0.1\bin\api-ms-win-core-profile-l1-1-0.dll
0x0000024d00130000 - 0x0000024d00134000 	C:\openjfx-25.0.1_windows-x64_bin-sdk\javafx-sdk-25.0.1\bin\api-ms-win-core-rtlsupport-l1-1-0.dll
0x0000024d00140000 - 0x0000024d00144000 	C:\openjfx-25.0.1_windows-x64_bin-sdk\javafx-sdk-25.0.1\bin\api-ms-win-core-string-l1-1-0.dll
0x0000024d00150000 - 0x0000024d00154000 	C:\openjfx-25.0.1_windows-x64_bin-sdk\javafx-sdk-25.0.1\bin\api-ms-win-core-synch-l1-1-0.dll
0x0000024d00160000 - 0x0000024d00164000 	C:\openjfx-25.0.1_windows-x64_bin-sdk\javafx-sdk-25.0.1\bin\api-ms-win-core-synch-l1-2-0.dll
0x0000024d00170000 - 0x0000024d00174000 	C:\openjfx-25.0.1_windows-x64_bin-sdk\javafx-sdk-25.0.1\bin\api-ms-win-core-sysinfo-l1-1-0.dll
0x0000024d00180000 - 0x0000024d00184000 	C:\openjfx-25.0.1_windows-x64_bin-sdk\javafx-sdk-25.0.1\bin\api-ms-win-core-timezone-l1-1-0.dll
0x0000024d00190000 - 0x0000024d00194000 	C:\openjfx-25.0.1_windows-x64_bin-sdk\javafx-sdk-25.0.1\bin\api-ms-win-core-util-l1-1-0.dll
0x0000024d001a0000 - 0x0000024d001a4000 	C:\openjfx-25.0.1_windows-x64_bin-sdk\javafx-sdk-25.0.1\bin\api-ms-win-crt-conio-l1-1-0.dll
0x0000024d001b0000 - 0x0000024d001b5000 	C:\openjfx-25.0.1_windows-x64_bin-sdk\javafx-sdk-25.0.1\bin\api-ms-win-crt-convert-l1-1-0.dll
0x0000024d001c0000 - 0x0000024d001c4000 	C:\openjfx-25.0.1_windows-x64_bin-sdk\javafx-sdk-25.0.1\bin\api-ms-win-crt-environment-l1-1-0.dll
0x0000024d001d0000 - 0x0000024d001d4000 	C:\openjfx-25.0.1_windows-x64_bin-sdk\javafx-sdk-25.0.1\bin\api-ms-win-crt-filesystem-l1-1-0.dll
0x0000024d001e0000 - 0x0000024d001e4000 	C:\openjfx-25.0.1_windows-x64_bin-sdk\javafx-sdk-25.0.1\bin\api-ms-win-crt-heap-l1-1-0.dll
0x0000024d001f0000 - 0x0000024d001f4000 	C:\openjfx-25.0.1_windows-x64_bin-sdk\javafx-sdk-25.0.1\bin\api-ms-win-crt-locale-l1-1-0.dll
0x0000024d00200000 - 0x0000024d00206000 	C:\openjfx-25.0.1_windows-x64_bin-sdk\javafx-sdk-25.0.1\bin\api-ms-win-crt-math-l1-1-0.dll
0x0000024d00210000 - 0x0000024d00216000 	C:\openjfx-25.0.1_windows-x64_bin-sdk\javafx-sdk-25.0.1\bin\api-ms-win-crt-multibyte-l1-1-0.dll
0x0000024d00220000 - 0x0000024d00231000 	C:\openjfx-25.0.1_windows-x64_bin-sdk\javafx-sdk-25.0.1\bin\api-ms-win-crt-private-l1-1-0.dll
0x0000024d00240000 - 0x0000024d00244000 	C:\openjfx-25.0.1_windows-x64_bin-sdk\javafx-sdk-25.0.1\bin\api-ms-win-crt-process-l1-1-0.dll
0x0000024d00250000 - 0x0000024d00255000 	C:\openjfx-25.0.1_windows-x64_bin-sdk\javafx-sdk-25.0.1\bin\api-ms-win-crt-runtime-l1-1-0.dll
0x0000024d00260000 - 0x0000024d00265000 	C:\openjfx-25.0.1_windows-x64_bin-sdk\javafx-sdk-25.0.1\bin\api-ms-win-crt-stdio-l1-1-0.dll
0x0000024d00270000 - 0x0000024d00275000 	C:\openjfx-25.0.1_windows-x64_bin-sdk\javafx-sdk-25.0.1\bin\api-ms-win-crt-string-l1-1-0.dll
0x0000024d00280000 - 0x0000024d00284000 	C:\openjfx-25.0.1_windows-x64_bin-sdk\javafx-sdk-25.0.1\bin\api-ms-win-crt-time-l1-1-0.dll
0x0000024d00290000 - 0x0000024d00294000 	C:\openjfx-25.0.1_windows-x64_bin-sdk\javafx-sdk-25.0.1\bin\api-ms-win-crt-utility-l1-1-0.dll
0x00007ffb80120000 - 0x00007ffb80231000 	C:\openjfx-25.0.1_windows-x64_bin-sdk\javafx-sdk-25.0.1\bin\ucrtbase.dll
0x00007ffb97d80000 - 0x00007ffb97d9e000 	C:\openjfx-25.0.1_windows-x64_bin-sdk\javafx-sdk-25.0.1\bin\vcruntime140.dll
0x00007ffba0e50000 - 0x00007ffba0e5c000 	C:\openjfx-25.0.1_windows-x64_bin-sdk\javafx-sdk-25.0.1\bin\vcruntime140_1.dll
0x00007ffb7fcd0000 - 0x00007ffb7fd5d000 	C:\openjfx-25.0.1_windows-x64_bin-sdk\javafx-sdk-25.0.1\bin\msvcp140.dll
0x00007ffb99430000 - 0x00007ffb99439000 	C:\openjfx-25.0.1_windows-x64_bin-sdk\javafx-sdk-25.0.1\bin\msvcp140_1.dll
0x00007ffb86b20000 - 0x00007ffb86b61000 	C:\openjfx-25.0.1_windows-x64_bin-sdk\javafx-sdk-25.0.1\bin\msvcp140_2.dll
0x00007ffb97d50000 - 0x00007ffb97d80000 	C:\openjfx-25.0.1_windows-x64_bin-sdk\javafx-sdk-25.0.1\bin\prism_d3d.dll
0x00007ffb31690000 - 0x00007ffb31843000 	C:\WINDOWS\system32\d3d9.dll
0x00007ffbb0920000 - 0x00007ffbb0950000 	C:\WINDOWS\SYSTEM32\dwmapi.dll
0x00007ffbb08b0000 - 0x00007ffbb08f4000 	C:\WINDOWS\SYSTEM32\dxcore.dll
0x00007ffbb0660000 - 0x00007ffbb070b000 	C:\WINDOWS\system32\uxtheme.dll
0x00007ffb60030000 - 0x00007ffb601dd000 	C:\WINDOWS\System32\DriverStore\FileRepository\iigd_dch.inf_amd64_ee473bb1b3cf1637\igdumdim64.dll
0x00007ffae6090000 - 0x00007ffae9134000 	C:\WINDOWS\System32\DriverStore\FileRepository\iigd_dch.inf_amd64_ee473bb1b3cf1637\igd9dxva64.dll
0x00007ffbb60f0000 - 0x00007ffbb657a000 	C:\WINDOWS\System32\SETUPAPI.dll
0x00007ffbb36a0000 - 0x00007ffbb36f7000 	C:\WINDOWS\SYSTEM32\cfgmgr32.dll
0x00007ffbab5b0000 - 0x00007ffbab9b9000 	C:\WINDOWS\System32\DriverStore\FileRepository\iigd_dch.inf_amd64_ee473bb1b3cf1637\igdgmm64.dll
0x00007ffbacc50000 - 0x00007ffbaccb3000 	C:\WINDOWS\SYSTEM32\directxdatabasehelper.dll
0x00007ffb79bc0000 - 0x00007ffb79c09000 	C:\openjfx-25.0.1_windows-x64_bin-sdk\javafx-sdk-25.0.1\bin\glass.dll
0x00007ffbb5500000 - 0x00007ffbb55f0000 	C:\WINDOWS\System32\COMDLG32.dll
0x00007ffbb6030000 - 0x00007ffbb60e0000 	C:\WINDOWS\System32\clbcatq.dll
0x00007ffba05a0000 - 0x00007ffba06f2000 	C:\Windows\System32\Windows.UI.dll
0x00007ffb879d0000 - 0x00007ffb87a8b000 	C:\Windows\System32\Windows.Networking.Connectivity.dll
0x00007ffba3ba0000 - 0x00007ffba3de4000 	C:\Windows\System32\twinapi.appcore.dll
0x00007ffbb49d0000 - 0x00007ffbb4b2e000 	C:\WINDOWS\System32\MSCTF.dll
0x00007ffba4ee0000 - 0x00007ffba4f07000 	C:\WINDOWS\System32\DriverStore\FileRepository\iigd_dch.inf_amd64_ee473bb1b3cf1637\igdinfo64.dll
0x00007ffba7cd0000 - 0x00007ffbab466000 	C:\WINDOWS\System32\DriverStore\FileRepository\iigd_dch.inf_amd64_ee473bb1b3cf1637\igc64.dll
0x00007ffb9dbc0000 - 0x00007ffb9dd10000 	C:\Windows\System32\Windows.UI.Immersive.dll
0x00007ffba40e0000 - 0x00007ffba40f9000 	C:\WINDOWS\System32\npmproxy.dll
0x00007ffba6d10000 - 0x00007ffba6d9d000 	C:\WINDOWS\SYSTEM32\wlanapi.dll
0x00007ffba7a50000 - 0x00007ffba7a72000 	C:\WINDOWS\SYSTEM32\MobileNetworking.dll
0x00007ffbb1fb0000 - 0x00007ffbb1fe4000 	C:\Windows\System32\IPHLPAPI.DLL
0x00007ffbb4930000 - 0x00007ffbb493a000 	C:\WINDOWS\System32\NSI.dll
0x00007ffb819d0000 - 0x00007ffb819e3000 	C:\Windows\System32\dusmapi.dll
0x00007ffb978c0000 - 0x00007ffb978d5000 	C:\openjfx-25.0.1_windows-x64_bin-sdk\javafx-sdk-25.0.1\bin\javafx_font.dll
0x00007ffbaecb0000 - 0x00007ffbaef17000 	C:\WINDOWS\SYSTEM32\dwrite.dll
0x00007ffbaea70000 - 0x00007ffbaeca0000 	C:\WINDOWS\SYSTEM32\WindowsCodecs.dll
0x00007ffb7aaa0000 - 0x00007ffb7aafa000 	C:\WINDOWS\system32\dataexchange.dll
0x00007ffb973f0000 - 0x00007ffb9741c000 	C:\Program Files\Common Files\Microsoft Shared\Ink\rtscom.dll
0x00007ffb99dc0000 - 0x00007ffb99f08000 	C:\WINDOWS\SYSTEM32\textinputframework.dll
0x00007ffbaff00000 - 0x00007ffbb0027000 	C:\WINDOWS\SYSTEM32\CoreMessaging.dll

JVMTI agents:
C:\Program Files\JetBrains\IntelliJ IDEA Community Edition 2025.2.5\lib\idea_rt.jar path:C:\Users\EugeneDokyeAnokye\AppData\Local\Programs\Eclipse Adoptium\jdk-25.0.1.8-hotspot\bin\instrument.dll, loaded, initialized, instrumentlib options:1195

dbghelp: loaded successfully - version: 4.0.5 - missing functions: none
symbol engine: initialized successfully - sym options: 0x614 - pdb path: .;C:\Users\EugeneDokyeAnokye\AppData\Local\Programs\Eclipse Adoptium\jdk-25.0.1.8-hotspot\bin;C:\WINDOWS\SYSTEM32;C:\WINDOWS\WinSxS\amd64_microsoft.windows.common-controls_6595b64144ccf1df_6.0.26100.7309_none_3e05feeae336a044;C:\Users\EugeneDokyeAnokye\AppData\Local\Programs\Eclipse Adoptium\jdk-25.0.1.8-hotspot\bin\server;C:\openjfx-25.0.1_windows-x64_bin-sdk\javafx-sdk-25.0.1\bin;C:\WINDOWS\System32\DriverStore\FileRepository\iigd_dch.inf_amd64_ee473bb1b3cf1637;C:\Program Files\Common Files\Microsoft Shared\Ink

VM Arguments:
jvm_args: --module-path=C:\openjfx-25.0.1_windows-x64_bin-sdk\javafx-sdk-25.0.1\lib --add-modules=javafx.controls,javafx.fxml --enable-native-access=javafx.graphics -javaagent:C:\Program Files\JetBrains\IntelliJ IDEA Community Edition 2025.2.5\lib\idea_rt.jar=1195 -Dfile.encoding=UTF-8 -Dsun.stdout.encoding=UTF-8 -Dsun.stderr.encoding=UTF-8 
java_command: com.shopjoy.ShopJoyApp
java_class_path (initial): C:\Users\EugeneDokyeAnokye\IdeaProjects\ShopJoy\target\classes;C:\Users\EugeneDokyeAnokye\.m2\repository\org\openjfx\javafx-controls\25\javafx-controls-25.jar;C:\Users\EugeneDokyeAnokye\.m2\repository\org\openjfx\javafx-controls\25\javafx-controls-25-win.jar;C:\Users\EugeneDokyeAnokye\.m2\repository\org\openjfx\javafx-graphics\25\javafx-graphics-25.jar;C:\Users\EugeneDokyeAnokye\.m2\repository\org\openjfx\javafx-graphics\25\javafx-graphics-25-win.jar;C:\Users\EugeneDokyeAnokye\.m2\repository\org\openjfx\javafx-base\25\javafx-base-25.jar;C:\Users\EugeneDokyeAnokye\.m2\repository\org\openjfx\javafx-base\25\javafx-base-25-win.jar;C:\Users\EugeneDokyeAnokye\.m2\repository\org\openjfx\javafx-fxml\25\javafx-fxml-25.jar;C:\Users\EugeneDokyeAnokye\.m2\repository\org\openjfx\javafx-fxml\25\javafx-fxml-25-win.jar;C:\Users\EugeneDokyeAnokye\.m2\repository\org\postgresql\postgresql\42.7.1\postgresql-42.7.1.jar;C:\Users\EugeneDokyeAnokye\.m2\repository\org\checkerframework\checker-qual\3.41.0\checker-qual-3.41.0.jar;C:\Users\EugeneDokyeAnokye\.m2\repository\org\mindrot\jbcrypt\0.4\jbcrypt-0.4.jar
Launcher Type: SUN_STANDARD

[Global flags]
     intx CICompilerCount                          = 4                                         {product} {ergonomic}
     uint ConcGCThreads                            = 2                                         {product} {ergonomic}
     uint G1ConcRefinementThreads                  = 8                                         {product} {ergonomic}
   size_t G1HeapRegionSize                         = 4194304                                   {product} {ergonomic}
   size_t InitialHeapSize                          = 536870912                                 {product} {ergonomic}
   size_t MarkStackSize                            = 4194304                                   {product} {ergonomic}
   size_t MarkStackSizeMax                         = 536870912                                 {product} {ergonomic}
   size_t MaxHeapSize                              = 8535408640                                {product} {ergonomic}
   size_t MaxNewSize                               = 5121245184                                {product} {ergonomic}
   size_t MinHeapDeltaBytes                        = 4194304                                   {product} {ergonomic}
   size_t MinHeapSize                              = 8388608                                   {product} {ergonomic}
    uintx NonNMethodCodeHeapSize                   = 5832704                                {pd product} {ergonomic}
    uintx NonProfiledCodeHeapSize                  = 122945536                              {pd product} {ergonomic}
    uintx ProfiledCodeHeapSize                     = 122880000                              {pd product} {ergonomic}
    uintx ReservedCodeCacheSize                    = 251658240                              {pd product} {ergonomic}
     bool SegmentedCodeCache                       = true                                      {product} {ergonomic}
   size_t SoftMaxHeapSize                          = 8535408640                             {manageable} {ergonomic}
     bool UseCompressedOops                        = true                           {product lp64_product} {ergonomic}
     bool UseG1GC                                  = true                                      {product} {ergonomic}
     bool UseLargePagesIndividualAllocation        = false                                  {pd product} {ergonomic}

Logging:
Log output configuration:
 #0: stdout all=off uptime,level,tags foldmultilines=false
 #1: stderr all=off uptime,level,tags foldmultilines=false

Release file:
IMPLEMENTOR="Eclipse Adoptium" 
IMPLEMENTOR_VERSION="Temurin-25.0.1+8" 
JAVA_RUNTIME_VERSION="25.0.1+8-LTS" 
JAVA_VERSION="25.0.1" 
JAVA_VERSION_DATE="2025-10-21" 
LIBC="default" 
MODULES="java.base java.compiler java.datatransfer java.xml java.prefs java.desktop java.instrument java.logging java.management java.security.sasl java.naming java.rmi java.management.rmi java.net.http java.scripting java.security.jgss java.transaction.xa java.sql java.sql.rowset java.xml.crypto java.se java.smartcardio jdk.accessibility jdk.internal.jvmstat jdk.attach jdk.charsets jdk.internal.opt jdk.zipfs jdk.compiler jdk.crypto.cryptoki jdk.crypto.ec jdk.crypto.mscapi jdk.dynalink jdk.internal.ed jdk.editpad jdk.internal.vm.ci jdk.graal.compiler jdk.graal.compiler.management jdk.hotspot.agent jdk.httpserver jdk.incubator.vector jdk.internal.le jdk.internal.md jdk.jartool jdk.javadoc jdk.jcmd jdk.management jdk.management.agent jdk.jconsole jdk.jdeps jdk.jdwp.agent jdk.jdi jdk.jfr jdk.jlink jdk.jpackage jdk.jshell jdk.jsobject jdk.jstatd jdk.localedata jdk.management.jfr jdk.naming.dns jdk.naming.rmi jdk.net jdk.nio.mapmode jdk.sctp jdk.security.auth jdk.security.jgss jdk.unsupported jdk.unsupported.desktop jdk.xml.dom" 
OS_ARCH="x86_64" 
OS_NAME="Windows" 
SOURCE=".:git:61d6a2c1b35e" 
BUILD_SOURCE="git:839fa0b45d809157cffd3dc8515aad262a4a1776"
BUILD_SOURCE_REPO="https://github.com/adoptium/temurin-build.git"
SOURCE_REPO="https://github.com/adoptium/jdk25u.git"
FULL_VERSION="25.0.1+8-LTS"
SEMANTIC_VERSION="25.0.1+8"
BUILD_INFO="OS: Windows Server 2022 Version: 10.0"
JVM_VARIANT="Hotspot"
JVM_VERSION="25.0.1+8-LTS"
IMAGE_TYPE="JDK"

Environment Variables:
PATH=C:\Program Files\Common Files\Oracle\Java\javapath;C:\WINDOWS\system32;C:\WINDOWS;C:\WINDOWS\System32\Wbem;C:\WINDOWS\System32\WindowsPowerShell\v1.0\;C:\WINDOWS\System32\OpenSSH\;C:\Program Files\Git\cmd;C:\Program Files\Docker\Docker\resources\bin;C:\Program Files\Java\jdk-25\bin;C:\Program Files\nodejs\;C:\Program Files\dotnet\;C:\Users\EugeneDokyeAnokye\AppData\Local\Programs\Python\Python314\Scripts\;C:\Users\EugeneDokyeAnokye\AppData\Local\Programs\Python\Python314\;C:\Users\EugeneDokyeAnokye\AppData\Local\Programs\Python\Launcher\;C:\Users\EugeneDokyeAnokye\AppData\Local\Programs\Eclipse Adoptium\jdk-25.0.1.8-hotspot\bin;C:\Users\EugeneDokyeAnokye\AppData\Local\Microsoft\WindowsApps;C:\Users\EugeneDokyeAnokye\AppData\Local\Programs\Microsoft VS Code\bin;C:\Users\EugeneDokyeAnokye\AppData\Local\GitHubDesktop\bin;C:\Users\EugeneDokyeAnokye\AppData\Roaming\npm
USERNAME=EugeneDokyeAnokye
OS=Windows_NT
PROCESSOR_IDENTIFIER=Intel64 Family 6 Model 142 Stepping 12, GenuineIntel
TMP=C:\Users\EUGENE~1\AppData\Local\Temp
TEMP=C:\Users\EUGENE~1\AppData\Local\Temp




Compilation memory statistics disabled.

Periodic native trim disabled

---------------  S Y S T E M  ---------------

OS:
 Windows 11 , 64 bit Build 26100 (10.0.26100.7309)
OS uptime: 7 days 2:17 hours
Hyper-V role detected

CPU: total 8 (initial active 8) (4 cores per cpu, 2 threads per core) family 6 model 142 stepping 12 microcode 0x100, cx8, cmov, fxsr, ht, mmx, 3dnowpref, sse, sse2, sse3, ssse3, sse4.1, sse4.2, popcnt, lzcnt, tsc, tscinvbit, avx, avx2, aes, erms, clmul, bmi1, bmi2, adx, fma, vzeroupper, clflush, clflushopt, hv, rdtscp, f16c
Processor Information for the first 8 processors :
  Max Mhz: 2304, Current Mhz: 1803, Mhz Limit: 1797

Memory: 4k page, system-wide physical 32549M (11023M free)
TotalPageFile size 37694M (AvailPageFile size 2438M)
current process WorkingSet (physical memory assigned to process): 267M, peak: 307M
current process commit charge ("private bytes"): 317M, peak: 786M

vm_info: OpenJDK 64-Bit Server VM (25.0.1+8-LTS) for windows-amd64 JRE (25.0.1+8-LTS), built on 2025-10-21T00:00:00Z with unknown MS VC++:1942

END.
