#
# A fatal error has been detected by the Java Runtime Environment:
#
#  EXCEPTION_ACCESS_VIOLATION (0xc0000005) at pc=0x00007ffb6947a5d7, pid=1396, tid=16992
#
# JRE version: OpenJDK Runtime Environment Temurin-25.0.1+8 (25.0.1+8) (build 25.0.1+8-LTS)
# Java VM: OpenJDK 64-Bit Server VM Temurin-25.0.1+8 (25.0.1+8-LTS, mixed mode, sharing, tiered, compressed oops, compressed class ptrs, g1 gc, windows-amd64)
# Problematic frame:
# C  [glass.dll+0x2a5d7]
#
# No core dump will be written. Minidumps are not enabled by default on client versions of Windows
#
# If you would like to submit a bug report, please visit:
#   https://github.com/adoptium/adoptium-support/issues
#

---------------  S U M M A R Y ------------

Command Line: --module-path=C:\openjfx-25.0.1_windows-x64_bin-sdk\javafx-sdk-25.0.1\lib --add-modules=javafx.controls,javafx.fxml --enable-native-access=javafx.graphics -javaagent:C:\Program Files\JetBrains\IntelliJ IDEA Community Edition 2025.2.5\lib\idea_rt.jar=9695 -Dfile.encoding=UTF-8 -Dsun.stdout.encoding=UTF-8 -Dsun.stderr.encoding=UTF-8 com.shopjoy.ShopJoyApp

Host: Intel(R) Core(TM) i7-10510U CPU @ 1.80GHz, 8 cores, 31G,  Windows 11 , 64 bit Build 26100 (10.0.26100.7309)
Time: Sat Jan 10 13:03:45 2026 Greenwich Standard Time elapsed time: 451.711945 seconds (0d 0h 7m 31s)

---------------  T H R E A D  ---------------

Current thread (0x000001787eff5290):  VMThread "VM Thread"          [id=16992, stack(0x000000723be00000,0x000000723bf00000) (1024K)]

Stack: [0x000000723be00000,0x000000723bf00000],  sp=0x000000723befed30,  free space=1019k
Native frames: (J=compiled Java code, j=interpreted, Vv=VM code, C=native code)
C  [glass.dll+0x2a5d7]  (no source info available)
C  [ucrtbase.dll+0x4bc75]  (no source info available)
C  [ucrtbase.dll+0x4b897]  (no source info available)
C  [ucrtbase.dll+0x4b84d]  (no source info available)
C  [glass.dll+0x27b65]  (no source info available)
C  [glass.dll+0x27c81]  (no source info available)
C  [ntdll.dll+0x15f86e]  (no source info available)
C  [ntdll.dll+0xbcae]  (no source info available)
C  [ntdll.dll+0x8d4af]  (no source info available)
C  [ntdll.dll+0x8c67e]  (no source info available)
C  [KERNEL32.DLL+0x418ab]  (no source info available)
C  [ucrtbase.dll+0xa0093]  (no source info available)
V  [jvm.dll+0x7a035a]  (no source info available)
V  [jvm.dll+0x7a0821]  (no source info available)
V  [jvm.dll+0x7a0340]  (no source info available)
V  [jvm.dll+0x47aee4]  (no source info available)
V  [jvm.dll+0x9fe6d2]  (no source info available)
V  [jvm.dll+0x9ff9f1]  (no source info available)
V  [jvm.dll+0x9fff68]  (no source info available)
V  [jvm.dll+0xa00203]  (no source info available)
V  [jvm.dll+0x99630d]  (no source info available)
V  [jvm.dll+0x7a6955]  (no source info available)
C  [ucrtbase.dll+0x37b0]  (no source info available)
C  [KERNEL32.DLL+0x2e8d7]  (no source info available)
C  [ntdll.dll+0x8c53c]  (no source info available)


siginfo: EXCEPTION_ACCESS_VIOLATION (0xc0000005), reading address 0x0000000000000000


Registers:
RAX=0x0000000000000000, RBX=0x000001787f004cf2, RCX=0x000001787eff5290, RDX=0x000000723befed30
RSP=0x000000723befed30, RBP=0x000047605fbf6646, RSI=0x000001781d59af20, RDI=0x000001781d59af00
R8 =0x0000000000010002, R9 =0x00007ffb380f95b0, R10=0x0000017871ac0000, R11=0x000000723befebe0
R12=0x0000000000000001, R13=0x00007ffb69477cc8, R14=0x000000723befee38, R15=0x000001781d59af00
RIP=0x00007ffb6947a5d7, EFLAGS=0x0000000000010206

XMM[0]=0x0000000000000000 0x0000000000000000
XMM[1]=0x0000000000000000 0x0000000000000000
XMM[2]=0x0000000000000000 0x0000000000000000
XMM[3]=0x0000000000000000 0x0000000000000000
XMM[4]=0x0000000000000000 0x0000000000000000
XMM[5]=0x0000000000000000 0x0000000000000000
XMM[6]=0x0000000000000000 0x0000000000000000
XMM[7]=0x0000000000000000 0x404e000000000000
XMM[8]=0x0000000000000000 0x0000000000000000
XMM[9]=0x0000000000000000 0x0000000000000000
XMM[10]=0x0000000000000000 0x0000000000000000
XMM[11]=0x0000000000000000 0x0000000000000000
XMM[12]=0x0000000000000000 0x0000000000000000
XMM[13]=0x0000000000000000 0x0000000000000000
XMM[14]=0x0000000000000000 0x0000000000000000
XMM[15]=0x0000000000000000 0x0000000000000000
  MXCSR=0x00001fa0


Register to memory mapping:

RAX=0x0 is null
RBX=0x000001787f004cf2 is a global jni handle
RCX=0x000001787eff5290 points into unknown readable memory: 0x00007ffb3882e5b8 | b8 e5 82 38 fb 7f 00 00
RDX=0x000000723befed30 points into unknown readable memory: 0x0000000000000000 | 00 00 00 00 00 00 00 00
RSP=0x000000723befed30 points into unknown readable memory: 0x0000000000000000 | 00 00 00 00 00 00 00 00
RBP=0x000047605fbf6646 is an unknown value
RSI=0x000001781d59af20 points into unknown readable memory: 0x000047605fbf6646 | 46 66 bf 5f 60 47 00 00
RDI=0x000001781d59af00 points into unknown readable memory: 0x000047605fbf6646 | 46 66 bf 5f 60 47 00 00
R8 =0x0000000000010002 is an unknown value
R9 =0x00007ffb380f95b0 jvm.dll
R10=0x0000017871ac0000 points into unknown readable memory: 0x0000000000000000 | 00 00 00 00 00 00 00 00
R11=0x000000723befebe0 points into unknown readable memory: 0x0000000000000000 | 00 00 00 00 00 00 00 00
R12=0x0000000000000001 is an unknown value
R13=0x00007ffb69477cc8 glass.dll
R14=0x000000723befee38 points into unknown readable memory: 0x000000723befee20 | 20 ee ef 3b 72 00 00 00
R15=0x000001781d59af00 points into unknown readable memory: 0x000047605fbf6646 | 46 66 bf 5f 60 47 00 00

Top of Stack: (sp=0x000000723befed30)
0x000000723befed30:   0000000000000000 0000017800000000   ............x...
0x000000723befed40:   000001781dee1a90 0000000000000001   ....x...........
0x000000723befed50:   000001781d59af00 00007ffbb44fbc75   ..Y.x...u.O.....
0x000000723befed60:   000001781d59af00 0000017800000000   ..Y.x.......x...
0x000000723befed70:   000001781d59af18 000047605fbf6646   ..Y.x...Ff._`G..
0x000000723befed80:   fffffffffffffffe 000000723befee08   ...........;r...
0x000000723befed90:   00007ffb69450000 00007ffb69450000   ..Ei......Ei....
0x000000723befeda0:   000000723befee28 00007ffbb44fb897   (..;r.....O.....
0x000000723befedb0:   000000723befee00 000000723befee38   ...;r...8..;r...
0x000000723befedc0:   000000723beff120 00007ffbb45e88c0    ..;r.....^.....
0x000000723befedd0:   0000000000000001 00007ffbb44fb84d   ........M.O.....
0x000000723befede0:   0000000000000000 0000000000000001   ................
0x000000723befedf0:   00007ffb87a7dfc0 000000723befee28   ........(..;r...
0x000000723befee00:   fffffffffffffffe 000000723befedf0   ...........;r...
0x000000723befee10:   0000000000000000 00007ffb69477b65   ........e{Gi....
0x000000723befee20:   00007ffb69490e90 0000000000000002   ..Ii............
0x000000723befee30:   00007ffb00000002 000000723befee20   ........ ..;r...
0x000000723befee40:   00007ffba6d10000 00007ffbb6bb24b0   .........$......
0x000000723befee50:   0000000000000000 00007ffb69477c81   .........|Gi....
0x000000723befee60:   0000000000000001 000000007ffe0385   ................
0x000000723befee70:   0000000000000001 00007ffbb69ea6af   ................
0x000000723befee80:   000001781d5395e0 00007ffbb69ebf5e   ..S.x...^.......
0x000000723befee90:   0000000000000001 0000000000000000   ................
0x000000723befeea0:   0000000000000000 000000007ffe0384   ................
0x000000723befeeb0:   000001781d53a3c0 00007ffbb6b3f86e   ..S.x...n.......
0x000000723befeec0:   00007ffb69450000 0000017800000000   ..Ei........x...
0x000000723befeed0:   0000000000000001 000000007ffe0385   ................
0x000000723befeee0:   00007ffb6947b588 00007ffbb69ebcae   ..Gi............
0x000000723befeef0:   0000000000000000 0000000000000000   ................
0x000000723befef00:   0000000000000000 0000000000000000   ................
0x000000723befef10:   0000000000000000 0000000000000000   ................
0x000000723befef20:   0000000000000000 0000000000000000   ................

Instructions: (pc=0x00007ffb6947a5d7)
  0x00007ffb6947a4d7:   8b 4d 58 e8 cd ce ff ff 48 8b 4d 60 e8 c4 ce ff
  0x00007ffb6947a4e7:   ff 48 8b 95 80 00 00 00 48 8b 8d 18 01 00 00 e8
  0x00007ffb6947a4f7:   76 c4 ff ff 33 d2 33 c9 e8 7c e0 ff ff 90 48 89
  0x00007ffb6947a507:   54 24 10 55 48 83 ec 20 48 8b ea 48 b8 00 00 00
  0x00007ffb6947a517:   00 00 00 00 00 48 83 c4 20 5d c3 cc 40 55 48 8b
  0x00007ffb6947a527:   ea 48 8b 01 33 c9 81 38 05 00 00 c0 0f 94 c1 8b
  0x00007ffb6947a537:   c1 5d c3 cc 40 55 48 83 ec 20 48 8b ea 8a 4d 40
  0x00007ffb6947a547:   48 83 c4 20 5d e9 a3 d2 ff ff cc 40 55 48 83 ec
  0x00007ffb6947a557:   20 48 8b ea 8a 4d 20 e8 91 d2 ff ff 90 48 83 c4
  0x00007ffb6947a567:   20 5d c3 cc 40 55 48 83 ec 20 48 8b ea 48 83 c4
  0x00007ffb6947a577:   20 5d e9 02 d1 ff ff cc 40 55 48 83 ec 30 48 8b
  0x00007ffb6947a587:   ea 48 8b 01 8b 10 48 89 4c 24 28 89 54 24 20 4c
  0x00007ffb6947a597:   8d 0d 1b d4 ff ff 4c 8b 45 70 8b 55 68 48 8b 4d
  0x00007ffb6947a5a7:   60 e8 43 d0 ff ff 90 48 83 c4 30 5d c3 cc cc cc
  0x00007ffb6947a5b7:   cc cc cc cc cc cc cc cc cc 40 53 48 83 ec 20 48
  0x00007ffb6947a5c7:   8b 1d 6b 63 01 00 48 85 db 74 19 e8 a9 89 ff ff
=>0x00007ffb6947a5d7:   48 8b 08 4c 8b 81 b0 00 00 00 48 8b d3 48 8b c8
  0x00007ffb6947a5e7:   41 ff d0 90 48 83 c4 20 5b c3 cc cc cc cc cc cc
  0x00007ffb6947a5f7:   cc cc cc cc cc cc cc cc cc 40 53 48 83 ec 20 48
  0x00007ffb6947a607:   8b 1d 9b 64 01 00 48 85 db 74 57 b8 ff ff ff ff
  0x00007ffb6947a617:   f0 0f c1 43 10 83 f8 01 75 3d 48 85 db 74 38 48
  0x00007ffb6947a627:   8b 0b 48 85 c9 74 0d ff 15 64 0c 00 00 48 c7 03
  0x00007ffb6947a637:   00 00 00 00 48 8b 4b 08 48 85 c9 74 0d e8 63 cd
  0x00007ffb6947a647:   ff ff 48 c7 43 08 00 00 00 00 ba 18 00 00 00 48
  0x00007ffb6947a657:   8b cb e8 4e cd ff ff 48 c7 05 3f 64 01 00 00 00
  0x00007ffb6947a667:   00 00 48 83 c4 20 5b c3 cc 40 53 48 83 ec 20 48
  0x00007ffb6947a677:   8b 1d 0b 64 01 00 48 85 db 74 57 b8 ff ff ff ff
  0x00007ffb6947a687:   f0 0f c1 43 10 83 f8 01 75 3d 48 85 db 74 38 48
  0x00007ffb6947a697:   8b 0b 48 85 c9 74 0d ff 15 f4 0b 00 00 48 c7 03
  0x00007ffb6947a6a7:   00 00 00 00 48 8b 4b 08 48 85 c9 74 0d e8 f3 cc
  0x00007ffb6947a6b7:   ff ff 48 c7 43 08 00 00 00 00 ba 18 00 00 00 48
  0x00007ffb6947a6c7:   8b cb e8 de cc ff ff 48 c7 05 af 63 01 00 00 00


Stack slot to memory mapping:

stack at sp + 0 slots: 0x0 is null
stack at sp + 1 slots: 0x0000017800000000 points into unknown readable memory: 0x000000010000000b | 0b 00 00 00 01 00 00 00
stack at sp + 2 slots: 0x000001781dee1a90 points into unknown readable memory: 0x000001781dee2450 | 50 24 ee 1d 78 01 00 00
stack at sp + 3 slots: 0x0000000000000001 is an unknown value
stack at sp + 4 slots: 0x000001781d59af00 points into unknown readable memory: 0x000047605fbf6646 | 46 66 bf 5f 60 47 00 00
stack at sp + 5 slots: 0x00007ffbb44fbc75 ucrtbase.dll
stack at sp + 6 slots: 0x000001781d59af00 points into unknown readable memory: 0x000047605fbf6646 | 46 66 bf 5f 60 47 00 00
stack at sp + 7 slots: 0x0000017800000000 points into unknown readable memory: 0x000000010000000b | 0b 00 00 00 01 00 00 00

VM_Operation (0x000000723b5ff2b0): Exit, mode: safepoint, requested by thread 0x000001781d3d9b80


---------------  P R O C E S S  ---------------

Threads class SMR info:
_java_thread_list=0x000001782b4dcff0, length=19, elements={
0x0000017871bd3bc0, 0x000001787f007e80, 0x000001787f008a40, 0x000001787f00fc00,
0x000001787f011490, 0x000001787f016060, 0x000001787f022f90, 0x000001787f0297d0,
0x000001781d0cfff0, 0x000001781dd17e60, 0x000001781dca53d0, 0x000001781e278510,
0x000001781d53f250, 0x000001781d547e40, 0x000001781db1c240, 0x000001781db03850,
0x000001781eaaa5d0, 0x000001781de34e50, 0x000001781d3d9b80
}

Java Threads: ( => current thread )
  0x0000017871bd3bc0 JavaThread "main"                              [_thread_blocked, id=18140, stack(0x000000723b700000,0x000000723b800000) (1024K)]
  0x000001787f007e80 JavaThread "Reference Handler"          daemon [_thread_blocked, id=3800, stack(0x000000723bf00000,0x000000723c000000) (1024K)]
  0x000001787f008a40 JavaThread "Finalizer"                  daemon [_thread_blocked, id=9636, stack(0x000000723c000000,0x000000723c100000) (1024K)]
  0x000001787f00fc00 JavaThread "Attach Listener"            daemon [_thread_blocked, id=23308, stack(0x000000723c200000,0x000000723c300000) (1024K)]
  0x000001787f011490 JavaThread "Service Thread"             daemon [_thread_blocked, id=10412, stack(0x000000723c300000,0x000000723c400000) (1024K)]
  0x000001787f016060 JavaThread "Monitor Deflation Thread"   daemon [_thread_blocked, id=8028, stack(0x000000723c400000,0x000000723c500000) (1024K)]
  0x000001787f022f90 JavaThread "C2 CompilerThread0"         daemon [_thread_blocked, id=11696, stack(0x000000723c500000,0x000000723c600000) (1024K)]
  0x000001787f0297d0 JavaThread "C1 CompilerThread0"         daemon [_thread_blocked, id=11544, stack(0x000000723c600000,0x000000723c700000) (1024K)]
  0x000001781d0cfff0 JavaThread "Common-Cleaner"             daemon [_thread_blocked, id=14020, stack(0x000000723c700000,0x000000723c800000) (1024K)]
  0x000001781dd17e60 JavaThread "Monitor Ctrl-Break"         daemon [_thread_in_native, id=16200, stack(0x000000723ca00000,0x000000723cb00000) (1024K)]
  0x000001781dca53d0 JavaThread "Notification Thread"        daemon [_thread_blocked, id=17540, stack(0x000000723cb00000,0x000000723cc00000) (1024K)]
  0x000001781e278510 JavaThread "QuantumRenderer-0"          daemon [_thread_blocked, id=24056, stack(0x000000723cc00000,0x000000723cd00000) (1024K)]
  0x000001781d53f250 JavaThread "InvokeLaterDispatcher"      daemon [_thread_blocked, id=26516, stack(0x000000723cd00000,0x000000723ce00000) (1024K)]
  0x000001781d547e40 JavaThread "JavaFX Application Thread"         [_thread_in_native, id=26556, stack(0x000000723ce00000,0x000000723cf00000) (1024K)]
  0x000001781db1c240 JavaThread "JavaFX-Launcher"                   [_thread_blocked, id=12708, stack(0x000000723d600000,0x000000723d700000) (1024K)]
  0x000001781db03850 JavaThread "Thread-2"                   daemon [_thread_in_native, id=32160, stack(0x000000723c800000,0x000000723c900000) (1024K)]
  0x000001781eaaa5d0 JavaThread "Prism Font Disposer"        daemon [_thread_blocked, id=18148, stack(0x000000723e000000,0x000000723e100000) (1024K)]
  0x000001781de34e50 JavaThread "Cleaner-0"                  daemon [_thread_blocked, id=20288, stack(0x000000723d700000,0x000000723d800000) (1024K)]
  0x000001781d3d9b80 JavaThread "SIGINT handler"             daemon [_thread_blocked, id=25228, stack(0x000000723b500000,0x000000723b600000) (1024K)]
Total: 19

Other Threads:
=>0x000001787eff5290 VMThread "VM Thread"                           [id=16992, stack(0x000000723be00000,0x000000723bf00000) (1024K)]
  0x000001787ee9fa10 WorkerThread "GC Thread#0"                     [id=12376, stack(0x000000723b800000,0x000000723b900000) (1024K)]
  0x0000017823bd7880 WorkerThread "GC Thread#1"                     [id=16984, stack(0x000000723d900000,0x000000723da00000) (1024K)]
  0x000001781e5e2630 WorkerThread "GC Thread#2"                     [id=28432, stack(0x000000723da00000,0x000000723db00000) (1024K)]
  0x000001781e5e2a60 WorkerThread "GC Thread#3"                     [id=2656, stack(0x000000723db00000,0x000000723dc00000) (1024K)]
  0x000001781e5e2e90 WorkerThread "GC Thread#4"                     [id=3884, stack(0x000000723dc00000,0x000000723dd00000) (1024K)]
  0x00000178236dc5d0 WorkerThread "GC Thread#5"                     [id=31660, stack(0x000000723dd00000,0x000000723de00000) (1024K)]
  0x000001781e8e4620 WorkerThread "GC Thread#6"                     [id=31468, stack(0x000000723de00000,0x000000723df00000) (1024K)]
  0x0000017823774c60 WorkerThread "GC Thread#7"                     [id=33084, stack(0x000000723df00000,0x000000723e000000) (1024K)]
  0x0000017873f318a0 ConcurrentGCThread "G1 Main Marker"            terminated
  0x0000017873f32ae0 WorkerThread "G1 Conc#0"                       [id=33352, stack(0x000000723ba00000,0x000000723bb00000) (1024K)]
  0x000001781d240ad0 WorkerThread "G1 Conc#1"                       [id=29448, stack(0x000000723e800000,0x000000723e900000) (1024K)]
  0x000001787eeb44a0 ConcurrentGCThread "G1 Refine#0"               terminated
  0x000001787eeb6ec0 ConcurrentGCThread "G1 Service"                terminated
Total: 14

Threads with active compile tasks:
Total: 0

VM state: at safepoint (shutting down)

VM Mutex/Monitor currently owned by a thread:  ([mutex/lock_event])
[0x00007ffb38a36368] Threads_lock - owner thread: 0x000001787eff5290
[0x00007ffb38a364e8] Heap_lock - owner thread: 0x000001781d3d9b80

Heap address: 0x0000000603400000, size: 8140 MB, Compressed Oops mode: Zero based, Oop shift amount: 3

CDS archive(s) mapped at: [0x0000000019000000-0x0000000019dd0000-0x0000000019dd0000), size 14483456, SharedBaseAddress: 0x0000000019000000, ArchiveRelocationMode: 1.
Compressed class space mapped at: 0x000000001a000000-0x000000005a000000, reserved size: 1073741824
UseCompressedClassPointers 1, UseCompactObjectHeaders 0
Narrow klass pointer bits 32, Max shift 3
Narrow klass base: 0x0000000019000000, Narrow klass shift: 0
Encoding Range: [0x0000000019000000 - 0x0000000119000000), (4294967296 bytes)
Klass Range:    [0x0000000019010000 - 0x000000005a000000), (1090453504 bytes)
Klass ID Range:  [65536 - 1090519033) (1090453497)
Protection zone: [0x0000000019000000 - 0x0000000019010000), (65536 bytes)

GC Precious Log:
 CardTable entry size: 512
 Card Set container configuration: InlinePtr #cards 4 size 8 Array Of Cards #cards 32 size 80 Howl #buckets 8 coarsen threshold 7372 Howl Bitmap #cards 1024 size 144 coarsen threshold 921 Card regions per heap region 1 cards per card region 8192
 CPUs: 8 total, 8 available
 Memory: 32549M
 Large Page Support: Disabled
 NUMA Support: Disabled
 Compressed Oops: Enabled (Zero based)
 Heap Region Size: 4M
 Heap Min Capacity: 8M
 Heap Initial Capacity: 512M
 Heap Max Capacity: 8140M
 Pre-touch: Disabled
 Parallel Workers: 8
 Concurrent Workers: 2
 Concurrent Refinement Workers: 8
 Periodic GC: Disabled

Heap:
 garbage-first heap   total reserved 8335360K, committed 57344K, used 50184K [0x0000000603400000, 0x0000000800000000)
  region size 4096K, 13 young (53248K), 3 survivors (12288K)

Heap Regions: E=young(eden), S=young(survivor), O=old, HS=humongous(starts), HC=humongous(continues), CS=collection set, F=free, TAMS=top-at-mark-start, PB=parsable bottom
|   0|0x0000000603400000, 0x00000006034f92d8, 0x0000000603800000| 24%| E|  |TAMS 0x0000000603400000| PB 0x0000000603400000| Complete |  0
|   1|0x0000000603800000, 0x0000000603c00000, 0x0000000603c00000|100%| E|CS|TAMS 0x0000000603800000| PB 0x0000000603800000| Complete |  0
|   2|0x0000000603c00000, 0x0000000604000000, 0x0000000604000000|100%| E|CS|TAMS 0x0000000603c00000| PB 0x0000000603c00000| Complete |  0
|   3|0x0000000604000000, 0x0000000604400000, 0x0000000604400000|100%| E|CS|TAMS 0x0000000604000000| PB 0x0000000604000000| Complete |  0
|   4|0x0000000604400000, 0x0000000604800000, 0x0000000604800000|100%| E|CS|TAMS 0x0000000604400000| PB 0x0000000604400000| Complete |  0
|   5|0x0000000604800000, 0x0000000604c00000, 0x0000000604c00000|100%| E|CS|TAMS 0x0000000604800000| PB 0x0000000604800000| Complete |  0
|   6|0x0000000604c00000, 0x0000000605000000, 0x0000000605000000|100%| E|CS|TAMS 0x0000000604c00000| PB 0x0000000604c00000| Complete |  0
|   7|0x0000000605000000, 0x0000000605400000, 0x0000000605400000|100%| E|CS|TAMS 0x0000000605000000| PB 0x0000000605000000| Complete |  0
|   8|0x0000000605400000, 0x0000000605800000, 0x0000000605800000|100%| E|CS|TAMS 0x0000000605400000| PB 0x0000000605400000| Complete |  0
| 107|0x000000061e000000, 0x000000061e3dd408, 0x000000061e400000| 96%| S|CS|TAMS 0x000000061e000000| PB 0x000000061e000000| Complete |  0
| 108|0x000000061e400000, 0x000000061e800000, 0x000000061e800000|100%| S|CS|TAMS 0x000000061e400000| PB 0x000000061e400000| Complete |  0
| 109|0x000000061e800000, 0x000000061ec00000, 0x000000061ec00000|100%| S|CS|TAMS 0x000000061e800000| PB 0x000000061e800000| Complete |  0
| 127|0x0000000623000000, 0x0000000623400000, 0x0000000623400000|100%| E|CS|TAMS 0x0000000623000000| PB 0x0000000623000000| Complete |  0
|2034|0x00000007ffc00000, 0x00000007ffd24ea8, 0x0000000800000000| 28%| O|Cm|TAMS 0x00000007ffc00000| PB 0x00000007ffc00000| Complete |  0

Card table byte_map: [0x000001787dde0000,0x000001787edd0000] _byte_map_base: 0x000001787adc6000

Marking Bits: (CMBitMap*) 0x000001787eea01a0
 Bits: [0x000001780f000000, 0x0000017816f30000)

Polling page: 0x0000017873680000

Metaspace:
Metaspace        used 23355K, committed 23680K, reserved 1114112K
 class space     used 2840K, committed 3008K, reserved 1048576K

Usage:
  Non-class:     20.03 MB used.
      Class:      2.77 MB used.
       Both:     22.81 MB used.

Virtual space:
  Non-class space:       64.00 MB reserved,      20.19 MB ( 32%) committed,  1 nodes.
      Class space:        1.00 GB reserved,       2.94 MB ( <1%) committed,  1 nodes.
             Both:        1.06 GB reserved,      23.12 MB (  2%) committed. 

Chunk freelists:
   Non-Class:  11.83 MB
       Class:  13.03 MB
        Both:  24.86 MB

MaxMetaspaceSize: unlimited
CompressedClassSpaceSize: 1.00 GB
Initial GC threshold: 21.00 MB
Current GC threshold: 35.12 MB
CDS: on
 - commit_granule_bytes: 65536.
 - commit_granule_words: 8192.
 - virtual_space_node_default_size: 8388608.
 - enlarge_chunks_in_place: 1.
UseCompressedClassPointers 1, UseCompactObjectHeaders 0
Narrow klass pointer bits 32, Max shift 3
Narrow klass base: 0x0000000019000000, Narrow klass shift: 0
Encoding Range: [0x0000000019000000 - 0x0000000119000000), (4294967296 bytes)
Klass Range:    [0x0000000019010000 - 0x000000005a000000), (1090453504 bytes)
Klass ID Range:  [65536 - 1090519033) (1090453497)
Protection zone: [0x0000000019000000 - 0x0000000019010000), (65536 bytes)


Internal statistics:

num_allocs_failed_limit: 3.
num_arena_births: 290.
num_arena_deaths: 0.
num_vsnodes_births: 2.
num_vsnodes_deaths: 0.
num_space_committed: 370.
num_space_uncommitted: 0.
num_chunks_returned_to_freelist: 3.
num_chunks_taken_from_freelist: 1023.
num_chunk_merges: 0.
num_chunk_splits: 706.
num_chunks_enlarged: 557.
num_inconsistent_stats: 0.

CodeHeap 'non-profiled nmethods': size=120064Kb used=2174Kb max_used=2174Kb free=117889Kb
 bounds [0x0000017807ac0000, 0x0000017807d30000, 0x000001780f000000]
CodeHeap 'profiled nmethods': size=120000Kb used=10106Kb max_used=10106Kb free=109893Kb
 bounds [0x0000017800000000, 0x00000178009e0000, 0x0000017807530000]
CodeHeap 'non-nmethods': size=5696Kb used=1778Kb max_used=1840Kb free=3917Kb
 bounds [0x0000017807530000, 0x00000178077a0000, 0x0000017807ac0000]
CodeCache: size=245760Kb, used=14058Kb, max_used=14120Kb, free=231699Kb
 total_blobs=6772, nmethods=5868, adapters=806, full_count=0
Compilation: enabled, stopped_count=0, restarted_count=0

Compilation events (20 events):
Event: 30.956 Thread 0x000001787f0297d0 nmethod 5861 0x00000178009db808 code [0x00000178009db900, 0x00000178009dbbc8]
Event: 30.956 Thread 0x000001787f0297d0 5862       3       javafx.scene.layout.Region::normalize (420 bytes)
Event: 30.956 Thread 0x000001787f022f90 nmethod 5859 0x0000017807cdac08 code [0x0000017807cdad00, 0x0000017807cdadd0]
Event: 30.957 Thread 0x000001787f0297d0 nmethod 5862 0x00000178009dbc08 code [0x00000178009dbd20, 0x00000178009dd1c8]
Event: 30.957 Thread 0x000001787f0297d0 5863       3       com.sun.javafx.sg.prism.NGGroup::add (83 bytes)
Event: 30.957 Thread 0x000001787f0297d0 nmethod 5863 0x00000178009dd208 code [0x00000178009dd300, 0x00000178009de650]
Event: 30.957 Thread 0x000001787f0297d0 5864       1       com.sun.javafx.tk.quantum.GlassScene::getCamera (5 bytes)
Event: 30.958 Thread 0x000001787f0297d0 nmethod 5864 0x0000017807cdaf08 code [0x0000017807cdb000, 0x0000017807cdb0c8]
Event: 31.771 Thread 0x000001787f022f90 5865   !   4       javafx.scene.Node::intersectsBounds (1005 bytes)
Event: 31.783 Thread 0x000001787f022f90 nmethod 5865 0x0000017807cdb208 code [0x0000017807cdb320, 0x0000017807cdc660]
Event: 32.847 Thread 0x000001787f0297d0 5866       3       javafx.application.Platform::isFxApplicationThread (4 bytes)
Event: 32.848 Thread 0x000001787f0297d0 nmethod 5866 0x00000178009de688 code [0x00000178009de780, 0x00000178009dea50]
Event: 34.145 Thread 0x000001787f022f90 5867       4       javafx.scene.Node::updateLocalToParentTransform (442 bytes)
Event: 34.156 Thread 0x000001787f022f90 nmethod 5867 0x0000017807cdc688 code [0x0000017807cdc7a0, 0x0000017807cddba0]
Event: 34.408 Thread 0x000001787f022f90 5868   !   4       javafx.scene.Node::pickNode (130 bytes)
Event: 34.414 Thread 0x000001787f022f90 nmethod 5868 0x0000017807cddc08 code [0x0000017807cddd00, 0x0000017807cde1e8]
Event: 85.209 Thread 0x000001787f022f90 5869       4       com.sun.javafx.tk.quantum.QuantumToolkit::postPulse (133 bytes)
Event: 85.247 Thread 0x000001787f022f90 nmethod 5869 0x0000017807cde208 code [0x0000017807cde300, 0x0000017807cdf7e8]
Event: 86.746 Thread 0x000001787f022f90 5870       4       com.sun.javafx.tk.quantum.QuantumToolkit$$Lambda/0x000000001a060648::run (8 bytes)
Event: 86.748 Thread 0x000001787f022f90 nmethod 5870 0x0000017807cdf808 code [0x0000017807cdf900, 0x0000017807cdf9c8]

GC Heap Usage History (4 events):
Event: 1.202 {heap Before GC invocations=0 (full 0):
 garbage-first heap   total reserved 8335360K, committed 528384K, used 50323K [0x0000000603400000, 0x0000000800000000)
  region size 4096K, 12 young (49152K), 0 survivors (0K)
}
Event: 1.207 {heap After GC invocations=1 (full 0):
 garbage-first heap   total reserved 8335360K, committed 528384K, used 6726K [0x0000000603400000, 0x0000000800000000)
  region size 4096K, 2 young (8192K), 2 survivors (8192K)
}
Event: 16.706 {heap Before GC invocations=1 (full 0):
 garbage-first heap   total reserved 8335360K, committed 528384K, used 68166K [0x0000000603400000, 0x0000000800000000)
  region size 4096K, 18 young (73728K), 2 survivors (8192K)
}
Event: 16.715 {heap After GC invocations=2 (full 0):
 garbage-first heap   total reserved 8335360K, committed 528384K, used 13320K [0x0000000603400000, 0x0000000800000000)
  region size 4096K, 3 young (12288K), 3 survivors (12288K)
}

Metaspace Usage History (4 events):
Event: 1.202 {metaspace Before GC invocations=0 (full 0):
 Metaspace       used 7936K, committed 8064K, reserved 1114112K
  class space    used 723K, committed 768K, reserved 1048576K
}
Event: 1.207 {metaspace After GC invocations=1 (full 0):
 Metaspace       used 7936K, committed 8064K, reserved 1114112K
  class space    used 723K, committed 768K, reserved 1048576K
}
Event: 16.706 {metaspace Before GC invocations=1 (full 0):
 Metaspace       used 21208K, committed 21504K, reserved 1114112K
  class space    used 2482K, committed 2624K, reserved 1048576K
}
Event: 16.715 {metaspace After GC invocations=2 (full 0):
 Metaspace       used 21208K, committed 21504K, reserved 1114112K
  class space    used 2482K, committed 2624K, reserved 1048576K
}

Dll operation events (20 events):
Event: 0.461 Loaded shared library C:\openjfx-25.0.1_windows-x64_bin-sdk\javafx-sdk-25.0.1\bin\api-ms-win-crt-private-l1-1-0.dll
Event: 0.464 Loaded shared library C:\openjfx-25.0.1_windows-x64_bin-sdk\javafx-sdk-25.0.1\bin\api-ms-win-crt-process-l1-1-0.dll
Event: 0.466 Loaded shared library C:\openjfx-25.0.1_windows-x64_bin-sdk\javafx-sdk-25.0.1\bin\api-ms-win-crt-runtime-l1-1-0.dll
Event: 0.469 Loaded shared library C:\openjfx-25.0.1_windows-x64_bin-sdk\javafx-sdk-25.0.1\bin\api-ms-win-crt-stdio-l1-1-0.dll
Event: 0.472 Loaded shared library C:\openjfx-25.0.1_windows-x64_bin-sdk\javafx-sdk-25.0.1\bin\api-ms-win-crt-string-l1-1-0.dll
Event: 0.475 Loaded shared library C:\openjfx-25.0.1_windows-x64_bin-sdk\javafx-sdk-25.0.1\bin\api-ms-win-crt-time-l1-1-0.dll
Event: 0.477 Loaded shared library C:\openjfx-25.0.1_windows-x64_bin-sdk\javafx-sdk-25.0.1\bin\api-ms-win-crt-utility-l1-1-0.dll
Event: 0.480 Loaded shared library C:\openjfx-25.0.1_windows-x64_bin-sdk\javafx-sdk-25.0.1\bin\ucrtbase.dll
Event: 0.483 Loaded shared library C:\openjfx-25.0.1_windows-x64_bin-sdk\javafx-sdk-25.0.1\bin\vcruntime140.dll
Event: 0.486 Loaded shared library C:\openjfx-25.0.1_windows-x64_bin-sdk\javafx-sdk-25.0.1\bin\vcruntime140_1.dll
Event: 0.489 Loaded shared library C:\openjfx-25.0.1_windows-x64_bin-sdk\javafx-sdk-25.0.1\bin\msvcp140.dll
Event: 0.492 Loaded shared library C:\openjfx-25.0.1_windows-x64_bin-sdk\javafx-sdk-25.0.1\bin\msvcp140_1.dll
Event: 0.495 Loaded shared library C:\openjfx-25.0.1_windows-x64_bin-sdk\javafx-sdk-25.0.1\bin\msvcp140_2.dll
Event: 0.543 Loaded shared library C:\openjfx-25.0.1_windows-x64_bin-sdk\javafx-sdk-25.0.1\bin\prism_d3d.dll
Event: 0.591 Loaded shared library C:\openjfx-25.0.1_windows-x64_bin-sdk\javafx-sdk-25.0.1\bin\glass.dll
Event: 0.762 Loaded shared library C:\Users\EugeneDokyeAnokye\AppData\Local\Programs\Eclipse Adoptium\jdk-25.0.1.8-hotspot\bin\jimage.dll
Event: 1.222 Loaded shared library C:\openjfx-25.0.1_windows-x64_bin-sdk\javafx-sdk-25.0.1\bin\javafx_font.dll
Event: 16.034 Loaded shared library C:\Users\EugeneDokyeAnokye\AppData\Local\Programs\Eclipse Adoptium\jdk-25.0.1.8-hotspot\bin\management.dll
Event: 16.037 Loaded shared library C:\Users\EugeneDokyeAnokye\AppData\Local\Programs\Eclipse Adoptium\jdk-25.0.1.8-hotspot\bin\management_ext.dll
Event: 16.254 Loaded shared library C:\Users\EugeneDokyeAnokye\AppData\Local\Programs\Eclipse Adoptium\jdk-25.0.1.8-hotspot\bin\verify.dll

Deoptimization events (20 events):
Event: 21.816 Thread 0x000001781d547e40 Uncommon trap: trap_request=0xffffffbe fr.pc=0x0000017807cc1930 relative=0x00000000000003b0
Event: 21.816 Thread 0x000001781d547e40 Uncommon trap: reason=profile_predicate action=maybe_recompile pc=0x0000017807cc1930 method=com.sun.javafx.css.CompoundSelector.applies(Ljavafx/css/Styleable;[Ljava/util/Set;I)Z @ 89 c2
Event: 21.816 Thread 0x000001781d547e40 DEOPT PACKING pc=0x0000017807cc1930 sp=0x000000723cef9d20
Event: 21.816 Thread 0x000001781d547e40 DEOPT UNPACKING pc=0x000001780764f882 sp=0x000000723cef9c90 mode 2
Event: 27.915 Thread 0x000001781d547e40 Uncommon trap: trap_request=0xffffffc6 fr.pc=0x0000017807ca7db4 relative=0x0000000000000a14
Event: 27.915 Thread 0x000001781d547e40 Uncommon trap: reason=bimorphic_or_optimized_type_check action=maybe_recompile pc=0x0000017807ca7db4 method=javafx.scene.Node.updateLocalToParentTransform()V @ 11 c2
Event: 27.915 Thread 0x000001781d547e40 DEOPT PACKING pc=0x0000017807ca7db4 sp=0x000000723cefe710
Event: 27.915 Thread 0x000001781d547e40 DEOPT UNPACKING pc=0x000001780764f882 sp=0x000000723cefe6a0 mode 2
Event: 28.362 Thread 0x000001781d547e40 Uncommon trap: trap_request=0xffffffc6 fr.pc=0x0000017807ca7db4 relative=0x0000000000000a14
Event: 28.362 Thread 0x000001781d547e40 Uncommon trap: reason=bimorphic_or_optimized_type_check action=maybe_recompile pc=0x0000017807ca7db4 method=javafx.scene.Node.updateLocalToParentTransform()V @ 11 c2
Event: 28.362 Thread 0x000001781d547e40 DEOPT PACKING pc=0x0000017807ca7db4 sp=0x000000723cefe710
Event: 28.362 Thread 0x000001781d547e40 DEOPT UNPACKING pc=0x000001780764f882 sp=0x000000723cefe6a0 mode 2
Event: 29.497 Thread 0x000001781d547e40 Uncommon trap: trap_request=0xffffffde fr.pc=0x0000017807c94f78 relative=0x0000000000000078
Event: 29.497 Thread 0x000001781d547e40 Uncommon trap: reason=class_check action=maybe_recompile pc=0x0000017807c94f78 method=com.sun.javafx.collections.VetoableListDecorator.size()I @ 4 c2
Event: 29.497 Thread 0x000001781d547e40 DEOPT PACKING pc=0x0000017807c94f78 sp=0x000000723cefc990
Event: 29.497 Thread 0x000001781d547e40 DEOPT UNPACKING pc=0x000001780764f882 sp=0x000000723cefc920 mode 2
Event: 30.923 Thread 0x000001781d547e40 Uncommon trap: trap_request=0xffffffde fr.pc=0x0000017807c94f78 relative=0x0000000000000078
Event: 30.923 Thread 0x000001781d547e40 Uncommon trap: reason=class_check action=maybe_recompile pc=0x0000017807c94f78 method=com.sun.javafx.collections.VetoableListDecorator.size()I @ 4 c2
Event: 30.923 Thread 0x000001781d547e40 DEOPT PACKING pc=0x0000017807c94f78 sp=0x000000723cefa770
Event: 30.923 Thread 0x000001781d547e40 DEOPT UNPACKING pc=0x000001780764f882 sp=0x000000723cefa700 mode 2

Classes loaded (20 events):
Event: 17.102 Loading class java/lang/CharacterData01
Event: 17.102 Loading class java/lang/CharacterData01 done
Event: 17.187 Loading class java/lang/FdLibm$Acos
Event: 17.187 Loading class java/lang/FdLibm$Acos done
Event: 21.811 Loading class java/text/BreakIterator
Event: 21.811 Loading class java/text/BreakIterator done
Event: 21.811 Loading class sun/util/locale/provider/BreakIteratorProviderImpl$GraphemeBreakIterator
Event: 21.811 Loading class sun/util/locale/provider/BreakIteratorProviderImpl$GraphemeBreakIterator done
Event: 21.811 Loading class java/text/StringCharacterIterator
Event: 21.811 Loading class java/text/StringCharacterIterator done
Event: 21.811 Loading class sun/util/locale/provider/BreakIteratorProviderImpl$CharacterIteratorCharSequence
Event: 21.811 Loading class sun/util/locale/provider/BreakIteratorProviderImpl$CharacterIteratorCharSequence done
Event: 21.811 Loading class java/text/BreakIterator$BreakIteratorCache
Event: 21.811 Loading class java/text/BreakIterator$BreakIteratorCache done
Event: 21.811 Loading class jdk/internal/util/regex/Grapheme
Event: 21.811 Loading class jdk/internal/util/regex/Grapheme done
Event: 21.811 Loading class jdk/internal/util/regex/IndicConjunctBreak
Event: 21.812 Loading class jdk/internal/util/regex/IndicConjunctBreak done
Event: 451.385 Loading class jdk/internal/misc/Signal$1
Event: 451.385 Loading class jdk/internal/misc/Signal$1 done

Classes unloaded (0 events):
No events

Classes redefined (0 events):
No events

Internal exceptions (20 events):
Event: 16.179 Thread 0x000001781d547e40 Implicit null exception at 0x0000017807c0f730 to 0x0000017807c0ffec
Event: 16.223 Thread 0x000001781d547e40 Exception <a 'java/lang/NoSuchMethodError'{0x000000061f0cd768}: 'java.lang.Object java.lang.invoke.DirectMethodHandle$Holder.invokeStaticInit(java.lang.Object, java.lang.Object, java.lang.Object)'> (0x000000061f0cd768) 
thrown [s\src\hotspot\share\interpreter\linkResolver.cpp, line 804]
Event: 16.373 Thread 0x000001781d547e40 Implicit null exception at 0x0000017807c0eb63 to 0x0000017807c0f540
Event: 16.578 Thread 0x000001781d547e40 Exception <a 'java/lang/NoSuchMethodError'{0x000000061ed7fd50}: 'void java.lang.invoke.DirectMethodHandle$Holder.invokeSpecial(java.lang.Object, java.lang.Object, int)'> (0x000000061ed7fd50) 
thrown [s\src\hotspot\share\interpreter\linkResolver.cpp, line 804]
Event: 16.579 Thread 0x000001781d547e40 Exception <a 'java/lang/NoSuchMethodError'{0x000000061ed90238}: 'void java.lang.invoke.DelegatingMethodHandle$Holder.reinvoke_L(java.lang.Object, java.lang.Object, int)'> (0x000000061ed90238) 
thrown [s\src\hotspot\share\interpreter\linkResolver.cpp, line 804]
Event: 16.739 Thread 0x000001781d547e40 Exception <a 'java/lang/NoSuchMethodError'{0x0000000623041168}: 'int java.lang.invoke.DirectMethodHandle$Holder.invokeVirtual(java.lang.Object, java.lang.Object)'> (0x0000000623041168) 
thrown [s\src\hotspot\share\interpreter\linkResolver.cpp, line 804]
Event: 16.942 Thread 0x000001781d547e40 Exception <a 'java/io/FileNotFoundException'{0x00000006231b9a88}> (0x00000006231b9a88) 
thrown [s\src\hotspot\share\prims\jni.cpp, line 516]
Event: 17.018 Thread 0x000001781d547e40 Implicit null exception at 0x0000017807c5ceb8 to 0x0000017807c5d8a0
Event: 17.085 Thread 0x000001781d547e40 Exception <a 'java/io/FileNotFoundException'{0x00000006048ec088}> (0x00000006048ec088) 
thrown [s\src\hotspot\share\prims\jni.cpp, line 516]
Event: 17.086 Thread 0x000001781d547e40 Exception <a 'java/io/FileNotFoundException'{0x00000006048ee188}> (0x00000006048ee188) 
thrown [s\src\hotspot\share\prims\jni.cpp, line 516]
Event: 17.088 Thread 0x000001781d547e40 Exception <a 'java/io/FileNotFoundException'{0x000000060490f1a8}> (0x000000060490f1a8) 
thrown [s\src\hotspot\share\prims\jni.cpp, line 516]
Event: 17.088 Thread 0x000001781d547e40 Exception <a 'java/io/FileNotFoundException'{0x0000000604910d48}> (0x0000000604910d48) 
thrown [s\src\hotspot\share\prims\jni.cpp, line 516]
Event: 17.129 Thread 0x000001781d547e40 Exception <a 'java/io/FileNotFoundException'{0x0000000604ab9330}> (0x0000000604ab9330) 
thrown [s\src\hotspot\share\prims\jni.cpp, line 516]
Event: 17.129 Thread 0x000001781d547e40 Exception <a 'java/io/FileNotFoundException'{0x0000000604abaed0}> (0x0000000604abaed0) 
thrown [s\src\hotspot\share\prims\jni.cpp, line 516]
Event: 17.129 Thread 0x000001781d547e40 Exception <a 'java/io/FileNotFoundException'{0x0000000604abca88}> (0x0000000604abca88) 
thrown [s\src\hotspot\share\prims\jni.cpp, line 516]
Event: 17.129 Thread 0x000001781d547e40 Exception <a 'java/io/FileNotFoundException'{0x0000000604abe628}> (0x0000000604abe628) 
thrown [s\src\hotspot\share\prims\jni.cpp, line 516]
Event: 20.050 Thread 0x000001781d547e40 Exception <a 'java/lang/NoSuchMethodError'{0x00000006041e0618}: 'java.lang.Object java.lang.invoke.DirectMethodHandle$Holder.newInvokeSpecial(java.lang.Object, java.lang.Object, java.lang.Object, java.lang.Object, double)'> (0x00000006041e0618) 
thrown [s\src\hotspot\share\interpreter\linkResolver.cpp, line 804]
Event: 20.050 Thread 0x000001781d547e40 Exception <a 'java/lang/NoSuchMethodError'{0x00000006041e9468}: 'java.lang.Object java.lang.invoke.DirectMethodHandle$Holder.invokeSpecial(java.lang.Object, java.lang.Object, java.lang.Object, java.lang.Object, java.lang.Object, double)'> (0x00000006041e9468) 
thrown [s\src\hotspot\share\interpreter\linkResolver.cpp, line 804]
Event: 20.051 Thread 0x000001781d547e40 Exception <a 'java/lang/NoSuchMethodError'{0x00000006041f1988}: 'java.lang.Object java.lang.invoke.Invokers$Holder.linkToTargetMethod(java.lang.Object, java.lang.Object, java.lang.Object, double, java.lang.Object)'> (0x00000006041f1988) 
thrown [s\src\hotspot\share\interpreter\linkResolver.cpp, line 804]
Event: 26.892 Thread 0x000001781d547e40 Exception <a 'java/lang/NoSuchMethodError'{0x0000000603cb1090}: 'java.lang.Object java.lang.invoke.DirectMethodHandle$Holder.newInvokeSpecial(java.lang.Object, java.lang.Object, int, int, int, int, int, java.lang.Object)'> (0x0000000603cb1090) 
thrown [s\src\hotspot\share\interpreter\linkResolver.cpp, line 804]

VM Operations (20 events):
Event: 16.728 Executing safepoint VM operation: G1PauseCleanup done
Event: 16.969 Executing non-safepoint VM operation: HandshakeAllThreads (Deoptimize)
Event: 16.969 Executing non-safepoint VM operation: HandshakeAllThreads (Deoptimize) done
Event: 16.975 Executing non-safepoint VM operation: HandshakeAllThreads (Deoptimize)
Event: 16.975 Executing non-safepoint VM operation: HandshakeAllThreads (Deoptimize) done
Event: 16.990 Executing non-safepoint VM operation: HandshakeAllThreads (Deoptimize)
Event: 16.991 Executing non-safepoint VM operation: HandshakeAllThreads (Deoptimize) done
Event: 17.137 Executing non-safepoint VM operation: HandshakeAllThreads (Deoptimize)
Event: 17.137 Executing non-safepoint VM operation: HandshakeAllThreads (Deoptimize) done
Event: 21.568 Executing non-safepoint VM operation: HandshakeAllThreads (Deoptimize)
Event: 21.568 Executing non-safepoint VM operation: HandshakeAllThreads (Deoptimize) done
Event: 21.571 Executing non-safepoint VM operation: HandshakeAllThreads (Deoptimize)
Event: 21.571 Executing non-safepoint VM operation: HandshakeAllThreads (Deoptimize) done
Event: 21.573 Executing non-safepoint VM operation: HandshakeAllThreads (Deoptimize)
Event: 21.573 Executing non-safepoint VM operation: HandshakeAllThreads (Deoptimize) done
Event: 60.029 Executing non-safepoint VM operation: HandshakeAllThreads (HandshakeForDeflation)
Event: 60.029 Executing non-safepoint VM operation: HandshakeAllThreads (HandshakeForDeflation) done
Event: 60.029 Executing non-safepoint VM operation: RendezvousGCThreads
Event: 60.029 Executing non-safepoint VM operation: RendezvousGCThreads done
Event: 451.388 Executing safepoint VM operation: Exit

Memory protections (0 events):
No events

Nmethod flushes (0 events):
No events

Events (20 events):
Event: 17.466 Thread 0x000001781e528920 Thread exited: 0x000001781e528920
Event: 18.475 Thread 0x000001781e529940 Thread exited: 0x000001781e529940
Event: 18.518 Thread 0x000001787f0297d0 Thread added: 0x000001781e528920
Event: 18.809 Thread 0x000001781e528920 Thread exited: 0x000001781e528920
Event: 20.067 Thread 0x000001787f0297d0 Thread added: 0x000001781e52c190
Event: 20.922 Thread 0x000001781e52c190 Thread exited: 0x000001781e52c190
Event: 21.805 Thread 0x000001787f0297d0 Thread added: 0x000001781e529130
Event: 21.817 Thread 0x000001787f0297d0 Thread added: 0x000001781e52c190
Event: 22.391 Thread 0x000001781e52c190 Thread exited: 0x000001781e52c190
Event: 22.391 Thread 0x000001781e529130 Thread exited: 0x000001781e529130
Event: 46.238 Thread 0x000001781df479c0 Thread exited: 0x000001781df479c0
Event: 451.385 Thread 0x000001787f00f040 Thread added: 0x000001781d3d9b80
Event: 451.386 Thread 0x000001781d3d9b80 Thread added: 0x000001781d3dc290
Event: 451.386 Thread 0x000001781d3d9b80 Thread added: 0x000001781d9cb1a0
Event: 451.386 Thread 0x000001781d3dc290 Thread exited: 0x000001781d3dc290
Event: 451.387 Thread 0x000001781d9cb1a0 Thread added: 0x000001781d9c8a90
Event: 451.388 Thread 0x000001781d9c8a90 Thread exited: 0x000001781d9c8a90
Event: 451.388 Thread 0x000001781d9cb1a0 Thread exited: 0x000001781d9cb1a0
Event: 451.388 Thread 0x000001781d3d9b80 Before exit entered
Event: 451.388 Thread 0x000001787f00f040 Thread exited: 0x000001787f00f040


Dynamic libraries:
0x00007ff6801f0000 - 0x00007ff6801fe000 	C:\Users\EugeneDokyeAnokye\AppData\Local\Programs\Eclipse Adoptium\jdk-25.0.1.8-hotspot\bin\java.exe
0x00007ffbb69e0000 - 0x00007ffbb6c47000 	C:\WINDOWS\SYSTEM32\ntdll.dll
0x00007ffbb5600000 - 0x00007ffbb56c9000 	C:\WINDOWS\System32\KERNEL32.DLL
0x00007ffbb3f80000 - 0x00007ffbb436f000 	C:\WINDOWS\System32\KERNELBASE.dll
0x00007ffbb44b0000 - 0x00007ffbb45fb000 	C:\WINDOWS\System32\ucrtbase.dll
0x00007ffba08e0000 - 0x00007ffba08f6000 	C:\Users\EugeneDokyeAnokye\AppData\Local\Programs\Eclipse Adoptium\jdk-25.0.1.8-hotspot\bin\jli.dll
0x00007ffb99320000 - 0x00007ffb9933e000 	C:\Users\EugeneDokyeAnokye\AppData\Local\Programs\Eclipse Adoptium\jdk-25.0.1.8-hotspot\bin\VCRUNTIME140.dll
0x00007ffbb6720000 - 0x00007ffbb68e5000 	C:\WINDOWS\System32\USER32.dll
0x00007ffb99570000 - 0x00007ffb99803000 	C:\WINDOWS\WinSxS\amd64_microsoft.windows.common-controls_6595b64144ccf1df_6.0.26100.7309_none_3e05feeae336a044\COMCTL32.dll
0x00007ffbb3f50000 - 0x00007ffbb3f77000 	C:\WINDOWS\System32\win32u.dll
0x00007ffbb68f0000 - 0x00007ffbb6999000 	C:\WINDOWS\System32\msvcrt.dll
0x00007ffbb4b40000 - 0x00007ffbb4b6b000 	C:\WINDOWS\System32\GDI32.dll
0x00007ffbb4380000 - 0x00007ffbb44ac000 	C:\WINDOWS\System32\gdi32full.dll
0x00007ffbb3bc0000 - 0x00007ffbb3c63000 	C:\WINDOWS\System32\msvcp_win.dll
0x00007ffbb54c0000 - 0x00007ffbb54f1000 	C:\WINDOWS\System32\IMM32.DLL
0x00007ffbae280000 - 0x00007ffbae28c000 	C:\Users\EugeneDokyeAnokye\AppData\Local\Programs\Eclipse Adoptium\jdk-25.0.1.8-hotspot\bin\vcruntime140_1.dll
0x00007ffb96b90000 - 0x00007ffb96c1d000 	C:\Users\EugeneDokyeAnokye\AppData\Local\Programs\Eclipse Adoptium\jdk-25.0.1.8-hotspot\bin\msvcp140.dll
0x00007ffb37c00000 - 0x00007ffb38b26000 	C:\Users\EugeneDokyeAnokye\AppData\Local\Programs\Eclipse Adoptium\jdk-25.0.1.8-hotspot\bin\server\jvm.dll
0x00007ffbb4780000 - 0x00007ffbb4834000 	C:\WINDOWS\System32\ADVAPI32.dll
0x00007ffbb5bc0000 - 0x00007ffbb5c66000 	C:\WINDOWS\System32\sechost.dll
0x00007ffbb6600000 - 0x00007ffbb6718000 	C:\WINDOWS\System32\RPCRT4.dll
0x00007ffbb4950000 - 0x00007ffbb49c4000 	C:\WINDOWS\System32\WS2_32.dll
0x00007ffbb3990000 - 0x00007ffbb39ee000 	C:\WINDOWS\SYSTEM32\POWRPROF.dll
0x00007ffb96860000 - 0x00007ffb96895000 	C:\WINDOWS\SYSTEM32\WINMM.dll
0x00007ffba7270000 - 0x00007ffba727b000 	C:\WINDOWS\SYSTEM32\VERSION.dll
0x00007ffbb3970000 - 0x00007ffbb3984000 	C:\WINDOWS\SYSTEM32\UMPDC.dll
0x00007ffbb2770000 - 0x00007ffbb278b000 	C:\WINDOWS\SYSTEM32\kernel.appcore.dll
0x00007ffbae260000 - 0x00007ffbae26a000 	C:\Users\EugeneDokyeAnokye\AppData\Local\Programs\Eclipse Adoptium\jdk-25.0.1.8-hotspot\bin\jimage.dll
0x00007ffbb0d50000 - 0x00007ffbb0f92000 	C:\WINDOWS\SYSTEM32\DBGHELP.DLL
0x00007ffbb5c70000 - 0x00007ffbb5ff5000 	C:\WINDOWS\System32\combase.dll
0x00007ffbb58c0000 - 0x00007ffbb5996000 	C:\WINDOWS\System32\OLEAUT32.dll
0x00007ffb88790000 - 0x00007ffb887cc000 	C:\WINDOWS\SYSTEM32\dbgcore.DLL
0x00007ffbb3c70000 - 0x00007ffbb3d15000 	C:\WINDOWS\System32\bcryptPrimitives.dll
0x00007ffba63e0000 - 0x00007ffba63ef000 	C:\Users\EugeneDokyeAnokye\AppData\Local\Programs\Eclipse Adoptium\jdk-25.0.1.8-hotspot\bin\instrument.dll
0x00007ffb99290000 - 0x00007ffb992ae000 	C:\Users\EugeneDokyeAnokye\AppData\Local\Programs\Eclipse Adoptium\jdk-25.0.1.8-hotspot\bin\java.dll
0x00007ffbb5720000 - 0x00007ffbb58b7000 	C:\WINDOWS\System32\ole32.dll
0x00007ffbb4ce0000 - 0x00007ffbb5433000 	C:\WINDOWS\System32\SHELL32.dll
0x00007ffbb3de0000 - 0x00007ffbb3f4a000 	C:\WINDOWS\System32\wintypes.dll
0x00007ffbb13c0000 - 0x00007ffbb1c1e000 	C:\WINDOWS\SYSTEM32\windows.storage.dll
0x00007ffbb4be0000 - 0x00007ffbb4cd5000 	C:\WINDOWS\System32\SHCORE.dll
0x00007ffbb4b70000 - 0x00007ffbb4bd6000 	C:\WINDOWS\System32\shlwapi.dll
0x00007ffbb3a50000 - 0x00007ffbb3a79000 	C:\WINDOWS\SYSTEM32\profapi.dll
0x00007ffb97e00000 - 0x00007ffb97e11000 	C:\Users\EugeneDokyeAnokye\AppData\Local\Programs\Eclipse Adoptium\jdk-25.0.1.8-hotspot\bin\net.dll
0x00007ffbb2df0000 - 0x00007ffbb2e5b000 	C:\WINDOWS\system32\mswsock.dll
0x00007ffb97de0000 - 0x00007ffb97df6000 	C:\Users\EugeneDokyeAnokye\AppData\Local\Programs\Eclipse Adoptium\jdk-25.0.1.8-hotspot\bin\nio.dll
0x00007ffb97d80000 - 0x00007ffb97d97000 	C:\Users\EugeneDokyeAnokye\AppData\Local\Programs\Eclipse Adoptium\jdk-25.0.1.8-hotspot\bin\zip.dll
0x00007ffba5750000 - 0x00007ffba5759000 	C:\Users\EugeneDokyeAnokye\AppData\Local\Programs\Eclipse Adoptium\jdk-25.0.1.8-hotspot\bin\extnet.dll
0x0000017818f40000 - 0x0000017818f44000 	C:\openjfx-25.0.1_windows-x64_bin-sdk\javafx-sdk-25.0.1\bin\api-ms-win-core-console-l1-1-0.dll
0x0000017818f50000 - 0x0000017818f54000 	C:\openjfx-25.0.1_windows-x64_bin-sdk\javafx-sdk-25.0.1\bin\api-ms-win-core-console-l1-2-0.dll
0x0000017818f60000 - 0x0000017818f64000 	C:\openjfx-25.0.1_windows-x64_bin-sdk\javafx-sdk-25.0.1\bin\api-ms-win-core-datetime-l1-1-0.dll
0x0000017818f70000 - 0x0000017818f74000 	C:\openjfx-25.0.1_windows-x64_bin-sdk\javafx-sdk-25.0.1\bin\api-ms-win-core-debug-l1-1-0.dll
0x0000017818f80000 - 0x0000017818f84000 	C:\openjfx-25.0.1_windows-x64_bin-sdk\javafx-sdk-25.0.1\bin\api-ms-win-core-errorhandling-l1-1-0.dll
0x0000017818f90000 - 0x0000017818f95000 	C:\openjfx-25.0.1_windows-x64_bin-sdk\javafx-sdk-25.0.1\bin\api-ms-win-core-file-l1-1-0.dll
0x0000017818fa0000 - 0x0000017818fa4000 	C:\openjfx-25.0.1_windows-x64_bin-sdk\javafx-sdk-25.0.1\bin\api-ms-win-core-file-l1-2-0.dll
0x0000017818fb0000 - 0x0000017818fb4000 	C:\openjfx-25.0.1_windows-x64_bin-sdk\javafx-sdk-25.0.1\bin\api-ms-win-core-file-l2-1-0.dll
0x0000017818fc0000 - 0x0000017818fc4000 	C:\openjfx-25.0.1_windows-x64_bin-sdk\javafx-sdk-25.0.1\bin\api-ms-win-core-handle-l1-1-0.dll
0x0000017818fd0000 - 0x0000017818fd4000 	C:\openjfx-25.0.1_windows-x64_bin-sdk\javafx-sdk-25.0.1\bin\api-ms-win-core-heap-l1-1-0.dll
0x0000017818fe0000 - 0x0000017818fe4000 	C:\openjfx-25.0.1_windows-x64_bin-sdk\javafx-sdk-25.0.1\bin\api-ms-win-core-interlocked-l1-1-0.dll
0x0000017818ff0000 - 0x0000017818ff4000 	C:\openjfx-25.0.1_windows-x64_bin-sdk\javafx-sdk-25.0.1\bin\api-ms-win-core-libraryloader-l1-1-0.dll
0x000001781ebd0000 - 0x000001781ebd4000 	C:\openjfx-25.0.1_windows-x64_bin-sdk\javafx-sdk-25.0.1\bin\api-ms-win-core-localization-l1-2-0.dll
0x000001781ebe0000 - 0x000001781ebe4000 	C:\openjfx-25.0.1_windows-x64_bin-sdk\javafx-sdk-25.0.1\bin\api-ms-win-core-memory-l1-1-0.dll
0x000001781ebf0000 - 0x000001781ebf4000 	C:\openjfx-25.0.1_windows-x64_bin-sdk\javafx-sdk-25.0.1\bin\api-ms-win-core-namedpipe-l1-1-0.dll
0x000001781ec00000 - 0x000001781ec04000 	C:\openjfx-25.0.1_windows-x64_bin-sdk\javafx-sdk-25.0.1\bin\api-ms-win-core-processenvironment-l1-1-0.dll
0x000001781ec10000 - 0x000001781ec14000 	C:\openjfx-25.0.1_windows-x64_bin-sdk\javafx-sdk-25.0.1\bin\api-ms-win-core-processthreads-l1-1-0.dll
0x000001781ec20000 - 0x000001781ec24000 	C:\openjfx-25.0.1_windows-x64_bin-sdk\javafx-sdk-25.0.1\bin\api-ms-win-core-processthreads-l1-1-1.dll
0x000001781ec30000 - 0x000001781ec34000 	C:\openjfx-25.0.1_windows-x64_bin-sdk\javafx-sdk-25.0.1\bin\api-ms-win-core-profile-l1-1-0.dll
0x000001781ec40000 - 0x000001781ec44000 	C:\openjfx-25.0.1_windows-x64_bin-sdk\javafx-sdk-25.0.1\bin\api-ms-win-core-rtlsupport-l1-1-0.dll
0x000001781ec50000 - 0x000001781ec54000 	C:\openjfx-25.0.1_windows-x64_bin-sdk\javafx-sdk-25.0.1\bin\api-ms-win-core-string-l1-1-0.dll
0x000001781ed80000 - 0x000001781ed84000 	C:\openjfx-25.0.1_windows-x64_bin-sdk\javafx-sdk-25.0.1\bin\api-ms-win-core-synch-l1-1-0.dll
0x000001781ed90000 - 0x000001781ed94000 	C:\openjfx-25.0.1_windows-x64_bin-sdk\javafx-sdk-25.0.1\bin\api-ms-win-core-synch-l1-2-0.dll
0x000001781eda0000 - 0x000001781eda4000 	C:\openjfx-25.0.1_windows-x64_bin-sdk\javafx-sdk-25.0.1\bin\api-ms-win-core-sysinfo-l1-1-0.dll
0x000001781edb0000 - 0x000001781edb4000 	C:\openjfx-25.0.1_windows-x64_bin-sdk\javafx-sdk-25.0.1\bin\api-ms-win-core-timezone-l1-1-0.dll
0x000001781edc0000 - 0x000001781edc4000 	C:\openjfx-25.0.1_windows-x64_bin-sdk\javafx-sdk-25.0.1\bin\api-ms-win-core-util-l1-1-0.dll
0x000001781edd0000 - 0x000001781edd4000 	C:\openjfx-25.0.1_windows-x64_bin-sdk\javafx-sdk-25.0.1\bin\api-ms-win-crt-conio-l1-1-0.dll
0x000001781ede0000 - 0x000001781ede5000 	C:\openjfx-25.0.1_windows-x64_bin-sdk\javafx-sdk-25.0.1\bin\api-ms-win-crt-convert-l1-1-0.dll
0x000001781edf0000 - 0x000001781edf4000 	C:\openjfx-25.0.1_windows-x64_bin-sdk\javafx-sdk-25.0.1\bin\api-ms-win-crt-environment-l1-1-0.dll
0x000001781ed70000 - 0x000001781ed74000 	C:\openjfx-25.0.1_windows-x64_bin-sdk\javafx-sdk-25.0.1\bin\api-ms-win-crt-filesystem-l1-1-0.dll
0x000001781ef30000 - 0x000001781ef34000 	C:\openjfx-25.0.1_windows-x64_bin-sdk\javafx-sdk-25.0.1\bin\api-ms-win-crt-heap-l1-1-0.dll
0x000001781ef40000 - 0x000001781ef44000 	C:\openjfx-25.0.1_windows-x64_bin-sdk\javafx-sdk-25.0.1\bin\api-ms-win-crt-locale-l1-1-0.dll
0x000001781ef50000 - 0x000001781ef56000 	C:\openjfx-25.0.1_windows-x64_bin-sdk\javafx-sdk-25.0.1\bin\api-ms-win-crt-math-l1-1-0.dll
0x000001781ef60000 - 0x000001781ef66000 	C:\openjfx-25.0.1_windows-x64_bin-sdk\javafx-sdk-25.0.1\bin\api-ms-win-crt-multibyte-l1-1-0.dll
0x000001781ef70000 - 0x000001781ef81000 	C:\openjfx-25.0.1_windows-x64_bin-sdk\javafx-sdk-25.0.1\bin\api-ms-win-crt-private-l1-1-0.dll
0x000001781ef90000 - 0x000001781ef94000 	C:\openjfx-25.0.1_windows-x64_bin-sdk\javafx-sdk-25.0.1\bin\api-ms-win-crt-process-l1-1-0.dll
0x000001781efa0000 - 0x000001781efa5000 	C:\openjfx-25.0.1_windows-x64_bin-sdk\javafx-sdk-25.0.1\bin\api-ms-win-crt-runtime-l1-1-0.dll
0x000001781ec60000 - 0x000001781ec65000 	C:\openjfx-25.0.1_windows-x64_bin-sdk\javafx-sdk-25.0.1\bin\api-ms-win-crt-stdio-l1-1-0.dll
0x000001781ec70000 - 0x000001781ec75000 	C:\openjfx-25.0.1_windows-x64_bin-sdk\javafx-sdk-25.0.1\bin\api-ms-win-crt-string-l1-1-0.dll
0x000001781ec80000 - 0x000001781ec84000 	C:\openjfx-25.0.1_windows-x64_bin-sdk\javafx-sdk-25.0.1\bin\api-ms-win-crt-time-l1-1-0.dll
0x000001781ec90000 - 0x000001781ec94000 	C:\openjfx-25.0.1_windows-x64_bin-sdk\javafx-sdk-25.0.1\bin\api-ms-win-crt-utility-l1-1-0.dll
0x00007ffb5f900000 - 0x00007ffb5fa11000 	C:\openjfx-25.0.1_windows-x64_bin-sdk\javafx-sdk-25.0.1\bin\ucrtbase.dll
0x00007ffb978c0000 - 0x00007ffb978de000 	C:\openjfx-25.0.1_windows-x64_bin-sdk\javafx-sdk-25.0.1\bin\vcruntime140.dll
0x00007ffba0e50000 - 0x00007ffba0e5c000 	C:\openjfx-25.0.1_windows-x64_bin-sdk\javafx-sdk-25.0.1\bin\vcruntime140_1.dll
0x00007ffb6c800000 - 0x00007ffb6c88d000 	C:\openjfx-25.0.1_windows-x64_bin-sdk\javafx-sdk-25.0.1\bin\msvcp140.dll
0x00007ffb99430000 - 0x00007ffb99439000 	C:\openjfx-25.0.1_windows-x64_bin-sdk\javafx-sdk-25.0.1\bin\msvcp140_1.dll
0x00007ffb6db60000 - 0x00007ffb6dba1000 	C:\openjfx-25.0.1_windows-x64_bin-sdk\javafx-sdk-25.0.1\bin\msvcp140_2.dll
0x00007ffb973f0000 - 0x00007ffb97420000 	C:\openjfx-25.0.1_windows-x64_bin-sdk\javafx-sdk-25.0.1\bin\prism_d3d.dll
0x00007ffb31690000 - 0x00007ffb31843000 	C:\WINDOWS\system32\d3d9.dll
0x00007ffbb0920000 - 0x00007ffbb0950000 	C:\WINDOWS\SYSTEM32\dwmapi.dll
0x00007ffbb08b0000 - 0x00007ffbb08f4000 	C:\WINDOWS\SYSTEM32\dxcore.dll
0x00007ffbb0660000 - 0x00007ffbb070b000 	C:\WINDOWS\system32\uxtheme.dll
0x00007ffb5e690000 - 0x00007ffb5e83d000 	C:\WINDOWS\System32\DriverStore\FileRepository\iigd_dch.inf_amd64_ee473bb1b3cf1637\igdumdim64.dll
0x00007ffae6090000 - 0x00007ffae9134000 	C:\WINDOWS\System32\DriverStore\FileRepository\iigd_dch.inf_amd64_ee473bb1b3cf1637\igd9dxva64.dll
0x00007ffbb60f0000 - 0x00007ffbb657a000 	C:\WINDOWS\System32\SETUPAPI.dll
0x00007ffbb36a0000 - 0x00007ffbb36f7000 	C:\WINDOWS\SYSTEM32\cfgmgr32.dll
0x00007ffbab5b0000 - 0x00007ffbab9b9000 	C:\WINDOWS\System32\DriverStore\FileRepository\iigd_dch.inf_amd64_ee473bb1b3cf1637\igdgmm64.dll
0x00007ffbacc50000 - 0x00007ffbaccb3000 	C:\WINDOWS\SYSTEM32\directxdatabasehelper.dll
0x00007ffb69450000 - 0x00007ffb69499000 	C:\openjfx-25.0.1_windows-x64_bin-sdk\javafx-sdk-25.0.1\bin\glass.dll
0x00007ffbb5500000 - 0x00007ffbb55f0000 	C:\WINDOWS\System32\COMDLG32.dll
0x00007ffbb6030000 - 0x00007ffbb60e0000 	C:\WINDOWS\System32\clbcatq.dll
0x00007ffba05a0000 - 0x00007ffba06f2000 	C:\Windows\System32\Windows.UI.dll
0x00007ffb879d0000 - 0x00007ffb87a8b000 	C:\Windows\System32\Windows.Networking.Connectivity.dll
0x00007ffba3ba0000 - 0x00007ffba3de4000 	C:\Windows\System32\twinapi.appcore.dll
0x00007ffbb49d0000 - 0x00007ffbb4b2e000 	C:\WINDOWS\System32\MSCTF.dll
0x00007ffba4ee0000 - 0x00007ffba4f07000 	C:\WINDOWS\System32\DriverStore\FileRepository\iigd_dch.inf_amd64_ee473bb1b3cf1637\igdinfo64.dll
0x00007ffba7cd0000 - 0x00007ffbab466000 	C:\WINDOWS\System32\DriverStore\FileRepository\iigd_dch.inf_amd64_ee473bb1b3cf1637\igc64.dll
0x00007ffb9dbc0000 - 0x00007ffb9dd10000 	C:\Windows\System32\Windows.UI.Immersive.dll
0x00007ffba40e0000 - 0x00007ffba40f9000 	C:\WINDOWS\System32\npmproxy.dll
0x00007ffba6d10000 - 0x00007ffba6d9d000 	C:\WINDOWS\SYSTEM32\wlanapi.dll
0x00007ffba7a50000 - 0x00007ffba7a72000 	C:\WINDOWS\SYSTEM32\MobileNetworking.dll
0x00007ffbb1fb0000 - 0x00007ffbb1fe4000 	C:\Windows\System32\IPHLPAPI.DLL
0x00007ffbb4930000 - 0x00007ffbb493a000 	C:\WINDOWS\System32\NSI.dll
0x00007ffb819d0000 - 0x00007ffb819e3000 	C:\Windows\System32\dusmapi.dll
0x00007ffb96e60000 - 0x00007ffb96e75000 	C:\openjfx-25.0.1_windows-x64_bin-sdk\javafx-sdk-25.0.1\bin\javafx_font.dll
0x00007ffbaecb0000 - 0x00007ffbaef17000 	C:\WINDOWS\SYSTEM32\dwrite.dll
0x00007ffbaea70000 - 0x00007ffbaeca0000 	C:\WINDOWS\SYSTEM32\WindowsCodecs.dll
0x00007ffb7aaa0000 - 0x00007ffb7aafa000 	C:\WINDOWS\system32\dataexchange.dll
0x00007ffb95770000 - 0x00007ffb9579c000 	C:\Program Files\Common Files\Microsoft Shared\Ink\rtscom.dll
0x00007ffb99dc0000 - 0x00007ffb99f08000 	C:\WINDOWS\SYSTEM32\textinputframework.dll
0x00007ffbaff00000 - 0x00007ffbb0027000 	C:\WINDOWS\SYSTEM32\CoreMessaging.dll

JVMTI agents:
C:\Program Files\JetBrains\IntelliJ IDEA Community Edition 2025.2.5\lib\idea_rt.jar path:C:\Users\EugeneDokyeAnokye\AppData\Local\Programs\Eclipse Adoptium\jdk-25.0.1.8-hotspot\bin\instrument.dll, loaded, initialized, instrumentlib options:9695

dbghelp: loaded successfully - version: 4.0.5 - missing functions: none
symbol engine: initialized successfully - sym options: 0x614 - pdb path: .;C:\Users\EugeneDokyeAnokye\AppData\Local\Programs\Eclipse Adoptium\jdk-25.0.1.8-hotspot\bin;C:\WINDOWS\SYSTEM32;C:\WINDOWS\WinSxS\amd64_microsoft.windows.common-controls_6595b64144ccf1df_6.0.26100.7309_none_3e05feeae336a044;C:\Users\EugeneDokyeAnokye\AppData\Local\Programs\Eclipse Adoptium\jdk-25.0.1.8-hotspot\bin\server;C:\openjfx-25.0.1_windows-x64_bin-sdk\javafx-sdk-25.0.1\bin;C:\WINDOWS\System32\DriverStore\FileRepository\iigd_dch.inf_amd64_ee473bb1b3cf1637;C:\Program Files\Common Files\Microsoft Shared\Ink

VM Arguments:
jvm_args: --module-path=C:\openjfx-25.0.1_windows-x64_bin-sdk\javafx-sdk-25.0.1\lib --add-modules=javafx.controls,javafx.fxml --enable-native-access=javafx.graphics -javaagent:C:\Program Files\JetBrains\IntelliJ IDEA Community Edition 2025.2.5\lib\idea_rt.jar=9695 -Dfile.encoding=UTF-8 -Dsun.stdout.encoding=UTF-8 -Dsun.stderr.encoding=UTF-8 
java_command: com.shopjoy.ShopJoyApp
java_class_path (initial): C:\Users\EugeneDokyeAnokye\IdeaProjects\ShopJoy\target\classes;C:\Users\EugeneDokyeAnokye\.m2\repository\org\openjfx\javafx-controls\25\javafx-controls-25.jar;C:\Users\EugeneDokyeAnokye\.m2\repository\org\openjfx\javafx-controls\25\javafx-controls-25-win.jar;C:\Users\EugeneDokyeAnokye\.m2\repository\org\openjfx\javafx-graphics\25\javafx-graphics-25.jar;C:\Users\EugeneDokyeAnokye\.m2\repository\org\openjfx\javafx-graphics\25\javafx-graphics-25-win.jar;C:\Users\EugeneDokyeAnokye\.m2\repository\org\openjfx\javafx-base\25\javafx-base-25.jar;C:\Users\EugeneDokyeAnokye\.m2\repository\org\openjfx\javafx-base\25\javafx-base-25-win.jar;C:\Users\EugeneDokyeAnokye\.m2\repository\org\openjfx\javafx-fxml\25\javafx-fxml-25.jar;C:\Users\EugeneDokyeAnokye\.m2\repository\org\openjfx\javafx-fxml\25\javafx-fxml-25-win.jar;C:\Users\EugeneDokyeAnokye\.m2\repository\org\postgresql\postgresql\42.7.1\postgresql-42.7.1.jar;C:\Users\EugeneDokyeAnokye\.m2\repository\org\checkerframework\checker-qual\3.41.0\checker-qual-3.41.0.jar;C:\Users\EugeneDokyeAnokye\.m2\repository\org\mindrot\jbcrypt\0.4\jbcrypt-0.4.jar
Launcher Type: SUN_STANDARD

[Global flags]
     intx CICompilerCount                          = 4                                         {product} {ergonomic}
     uint ConcGCThreads                            = 2                                         {product} {ergonomic}
     uint G1ConcRefinementThreads                  = 8                                         {product} {ergonomic}
   size_t G1HeapRegionSize                         = 4194304                                   {product} {ergonomic}
   size_t InitialHeapSize                          = 536870912                                 {product} {ergonomic}
   size_t MarkStackSize                            = 4194304                                   {product} {ergonomic}
   size_t MarkStackSizeMax                         = 536870912                                 {product} {ergonomic}
   size_t MaxHeapSize                              = 8535408640                                {product} {ergonomic}
   size_t MaxNewSize                               = 5121245184                                {product} {ergonomic}
   size_t MinHeapDeltaBytes                        = 4194304                                   {product} {ergonomic}
   size_t MinHeapSize                              = 8388608                                   {product} {ergonomic}
    uintx NonNMethodCodeHeapSize                   = 5832704                                {pd product} {ergonomic}
    uintx NonProfiledCodeHeapSize                  = 122945536                              {pd product} {ergonomic}
    uintx ProfiledCodeHeapSize                     = 122880000                              {pd product} {ergonomic}
    uintx ReservedCodeCacheSize                    = 251658240                              {pd product} {ergonomic}
     bool SegmentedCodeCache                       = true                                      {product} {ergonomic}
   size_t SoftMaxHeapSize                          = 8535408640                             {manageable} {ergonomic}
     bool UseCompressedOops                        = true                           {product lp64_product} {ergonomic}
     bool UseG1GC                                  = true                                      {product} {ergonomic}
     bool UseLargePagesIndividualAllocation        = false                                  {pd product} {ergonomic}

Logging:
Log output configuration:
 #0: stdout all=off uptime,level,tags foldmultilines=false
 #1: stderr all=off uptime,level,tags foldmultilines=false

Release file:
IMPLEMENTOR="Eclipse Adoptium" 
IMPLEMENTOR_VERSION="Temurin-25.0.1+8" 
JAVA_RUNTIME_VERSION="25.0.1+8-LTS" 
JAVA_VERSION="25.0.1" 
JAVA_VERSION_DATE="2025-10-21" 
LIBC="default" 
MODULES="java.base java.compiler java.datatransfer java.xml java.prefs java.desktop java.instrument java.logging java.management java.security.sasl java.naming java.rmi java.management.rmi java.net.http java.scripting java.security.jgss java.transaction.xa java.sql java.sql.rowset java.xml.crypto java.se java.smartcardio jdk.accessibility jdk.internal.jvmstat jdk.attach jdk.charsets jdk.internal.opt jdk.zipfs jdk.compiler jdk.crypto.cryptoki jdk.crypto.ec jdk.crypto.mscapi jdk.dynalink jdk.internal.ed jdk.editpad jdk.internal.vm.ci jdk.graal.compiler jdk.graal.compiler.management jdk.hotspot.agent jdk.httpserver jdk.incubator.vector jdk.internal.le jdk.internal.md jdk.jartool jdk.javadoc jdk.jcmd jdk.management jdk.management.agent jdk.jconsole jdk.jdeps jdk.jdwp.agent jdk.jdi jdk.jfr jdk.jlink jdk.jpackage jdk.jshell jdk.jsobject jdk.jstatd jdk.localedata jdk.management.jfr jdk.naming.dns jdk.naming.rmi jdk.net jdk.nio.mapmode jdk.sctp jdk.security.auth jdk.security.jgss jdk.unsupported jdk.unsupported.desktop jdk.xml.dom" 
OS_ARCH="x86_64" 
OS_NAME="Windows" 
SOURCE=".:git:61d6a2c1b35e" 
BUILD_SOURCE="git:839fa0b45d809157cffd3dc8515aad262a4a1776"
BUILD_SOURCE_REPO="https://github.com/adoptium/temurin-build.git"
SOURCE_REPO="https://github.com/adoptium/jdk25u.git"
FULL_VERSION="25.0.1+8-LTS"
SEMANTIC_VERSION="25.0.1+8"
BUILD_INFO="OS: Windows Server 2022 Version: 10.0"
JVM_VARIANT="Hotspot"
JVM_VERSION="25.0.1+8-LTS"
IMAGE_TYPE="JDK"

Environment Variables:
PATH=C:\Program Files\Common Files\Oracle\Java\javapath;C:\WINDOWS\system32;C:\WINDOWS;C:\WINDOWS\System32\Wbem;C:\WINDOWS\System32\WindowsPowerShell\v1.0\;C:\WINDOWS\System32\OpenSSH\;C:\Program Files\Git\cmd;C:\Program Files\Docker\Docker\resources\bin;C:\Program Files\Java\jdk-25\bin;C:\Program Files\nodejs\;C:\Program Files\dotnet\;C:\Users\EugeneDokyeAnokye\AppData\Local\Programs\Python\Python314\Scripts\;C:\Users\EugeneDokyeAnokye\AppData\Local\Programs\Python\Python314\;C:\Users\EugeneDokyeAnokye\AppData\Local\Programs\Python\Launcher\;C:\Users\EugeneDokyeAnokye\AppData\Local\Programs\Eclipse Adoptium\jdk-25.0.1.8-hotspot\bin;C:\Users\EugeneDokyeAnokye\AppData\Local\Microsoft\WindowsApps;C:\Users\EugeneDokyeAnokye\AppData\Local\Programs\Microsoft VS Code\bin;C:\Users\EugeneDokyeAnokye\AppData\Local\GitHubDesktop\bin;C:\Users\EugeneDokyeAnokye\AppData\Roaming\npm
USERNAME=EugeneDokyeAnokye
OS=Windows_NT
PROCESSOR_IDENTIFIER=Intel64 Family 6 Model 142 Stepping 12, GenuineIntel
TMP=C:\Users\EUGENE~1\AppData\Local\Temp
TEMP=C:\Users\EUGENE~1\AppData\Local\Temp




Compilation memory statistics disabled.

Periodic native trim disabled

---------------  S Y S T E M  ---------------

OS:
 Windows 11 , 64 bit Build 26100 (10.0.26100.7309)
OS uptime: 7 days 2:05 hours
Hyper-V role detected

CPU: total 8 (initial active 8) (4 cores per cpu, 2 threads per core) family 6 model 142 stepping 12 microcode 0x100, cx8, cmov, fxsr, ht, mmx, 3dnowpref, sse, sse2, sse3, ssse3, sse4.1, sse4.2, popcnt, lzcnt, tsc, tscinvbit, avx, avx2, aes, erms, clmul, bmi1, bmi2, adx, fma, vzeroupper, clflush, clflushopt, hv, rdtscp, f16c
Processor Information for the first 8 processors :
  Max Mhz: 2304, Current Mhz: 1803, Mhz Limit: 1797

Memory: 4k page, system-wide physical 32549M (11505M free)
TotalPageFile size 37694M (AvailPageFile size 2667M)
current process WorkingSet (physical memory assigned to process): 256M, peak: 336M
current process commit charge ("private bytes"): 289M, peak: 801M

vm_info: OpenJDK 64-Bit Server VM (25.0.1+8-LTS) for windows-amd64 JRE (25.0.1+8-LTS), built on 2025-10-21T00:00:00Z with unknown MS VC++:1942

END.
